<?xml version="1.0" encoding="utf-8"?><testsuites><testsuite errors="0" failures="0" hostname="LAPTOP-SI9PCTPK" name="pytest" skipped="0" tests="928" time="3676.225" timestamp="2020-08-15T19:08:22.602341"><testcase classname="test_Atlanta_Hawks_Page.TestAtlantaHawksPage" file="test_Atlanta_Hawks_Page.py" line="18" name="test_atlanta_hawks_franchise_verifiy_team" time="12.316"></testcase><testcase classname="test_Atlanta_Hawks_Page.TestAtlantaHawksPage" file="test_Atlanta_Hawks_Page.py" line="28" name="test_atlanta_hawks_roster_players_stats" time="84.245"></testcase><testcase classname="test_Atlanta_Hawks_Page.TestAtlantaHawksPage" file="test_Atlanta_Hawks_Page.py" line="315" name="test_atlanta_hawks_salaries_sorted_players_column" time="1.576"></testcase><testcase classname="test_Atlanta_Hawks_Page.TestAtlantaHawksPage" file="test_Atlanta_Hawks_Page.py" line="326" name="test_atlanta_hawks_salaries_sorted_players_reverse_column" time="0.712"></testcase><testcase classname="test_Atlanta_Hawks_Page.TestAtlantaHawksPage" file="test_Atlanta_Hawks_Page.py" line="334" name="test_atlanta_hawks_salaries_sorted_age_column" time="0.572"></testcase><testcase classname="test_Atlanta_Hawks_Page.TestAtlantaHawksPage" file="test_Atlanta_Hawks_Page.py" line="342" name="test_atlanta_hawks_salaries_sorted_age_reverse_column" time="0.424"></testcase><testcase classname="test_Atlanta_Hawks_Page.TestAtlantaHawksPage" file="test_Atlanta_Hawks_Page.py" line="350" name="test_atlanta_hawks_salaries_sorted_eight_teen_nine_teen_column" time="0.600"></testcase><testcase classname="test_Atlanta_Hawks_Page.TestAtlantaHawksPage" file="test_Atlanta_Hawks_Page.py" line="358" name="test_atlanta_hawks_salaries_sorted_eight_teen_nine_teen_reverse_column" time="0.470"></testcase><testcase classname="test_Atlanta_Hawks_Page.TestAtlantaHawksPage" file="test_Atlanta_Hawks_Page.py" line="366" name="test_atlanta_hawks_salaries_sorted_nine_teen_twenty_column" time="0.598"></testcase><testcase classname="test_Atlanta_Hawks_Page.TestAtlantaHawksPage" file="test_Atlanta_Hawks_Page.py" line="374" name="test_atlanta_hawks_salaries_sorted_nine_teen_twenty_reverse_column" time="0.458"></testcase><testcase classname="test_Atlanta_Hawks_Page.TestAtlantaHawksPage" file="test_Atlanta_Hawks_Page.py" line="382" name="test_atlanta_hawks_salaries_sorted_twenty_twenty_one_column" time="0.608"></testcase><testcase classname="test_Atlanta_Hawks_Page.TestAtlantaHawksPage" file="test_Atlanta_Hawks_Page.py" line="390" name="test_atlanta_hawks_salaries_sorted_twenty_twenty_one_reverse_column" time="0.491"></testcase><testcase classname="test_Atlanta_Hawks_Page.TestAtlantaHawksPage" file="test_Atlanta_Hawks_Page.py" line="398" name="test_atlanta_hawks_salaries_sorted_twenty_one_twenty_two_column" time="0.608"></testcase><testcase classname="test_Atlanta_Hawks_Page.TestAtlantaHawksPage" file="test_Atlanta_Hawks_Page.py" line="408" name="test_atlanta_hawks_salaries_sorted_twenty_one_twenty_two_reverse_column" time="0.488"></testcase><testcase classname="test_Atlanta_Hawks_Page.TestAtlantaHawksPage" file="test_Atlanta_Hawks_Page.py" line="417" name="test_atlanta_hawks_salaries_sorted_twenty_two_twenty_three_column" time="0.602"></testcase><testcase classname="test_Atlanta_Hawks_Page.TestAtlantaHawksPage" file="test_Atlanta_Hawks_Page.py" line="427" name="test_atlanta_hawks_salaries_sorted_twenty_two_twenty_threereverse_column" time="0.480"></testcase><testcase classname="test_Atlanta_Hawks_Page.TestAtlantaHawksPage" file="test_Atlanta_Hawks_Page.py" line="438" name="test_atlanta_hawks_salaries_sorted_guranteed_column" time="0.613"></testcase><testcase classname="test_Atlanta_Hawks_Page.TestAtlantaHawksPage" file="test_Atlanta_Hawks_Page.py" line="446" name="test_atlanta_hawks_salaries_sorted_guranteed_reverse_column" time="0.500"></testcase><testcase classname="test_Atlanta_Hawks_Page.TestAtlantaHawksPage" file="test_Atlanta_Hawks_Page.py" line="454" name="test_atlanta_hawks_roster_sorted_players_column" time="8.163"></testcase><testcase classname="test_Atlanta_Hawks_Page.TestAtlantaHawksPage" file="test_Atlanta_Hawks_Page.py" line="464" name="test_atlanta_hawks_roster_sorted_players_reverse_column" time="0.844"></testcase><testcase classname="test_Atlanta_Hawks_Page.TestAtlantaHawksPage" file="test_Atlanta_Hawks_Page.py" line="473" name="test_atlanta_hawks_roster_sorted_position_column" time="0.551"></testcase><testcase classname="test_Atlanta_Hawks_Page.TestAtlantaHawksPage" file="test_Atlanta_Hawks_Page.py" line="481" name="test_atlanta_hawks_roster_sorted_position_reverse_column" time="0.503"></testcase><testcase classname="test_Atlanta_Hawks_Page.TestAtlantaHawksPage" file="test_Atlanta_Hawks_Page.py" line="489" name="test_atlanta_hawks_roster_sorted_height_column" time="0.498"></testcase><testcase classname="test_Atlanta_Hawks_Page.TestAtlantaHawksPage" file="test_Atlanta_Hawks_Page.py" line="497" name="test_atlanta_hawks_roster_sorted_height_reverse_column" time="0.403"></testcase><testcase classname="test_Atlanta_Hawks_Page.TestAtlantaHawksPage" file="test_Atlanta_Hawks_Page.py" line="506" name="test_atlanta_hawks_roster_sorted_weight_column" time="0.356"></testcase><testcase classname="test_Atlanta_Hawks_Page.TestAtlantaHawksPage" file="test_Atlanta_Hawks_Page.py" line="515" name="test_atlanta_hawks_roster_sorted_weight_reverse_column" time="0.231"></testcase><testcase classname="test_Atlanta_Hawks_Page.TestAtlantaHawksPage" file="test_Atlanta_Hawks_Page.py" line="524" name="test_atlanta_hawks_roster_sorted_dob_column" time="0.673"></testcase><testcase classname="test_Atlanta_Hawks_Page.TestAtlantaHawksPage" file="test_Atlanta_Hawks_Page.py" line="533" name="test_atlanta_hawks_roster_sorted_dob_reverse_column" time="0.480"></testcase><testcase classname="test_Atlanta_Hawks_Page.TestAtlantaHawksPage" file="test_Atlanta_Hawks_Page.py" line="543" name="test_atlanta_hawks_roster_sorted_experience_column" time="0.337"></testcase><testcase classname="test_Atlanta_Hawks_Page.TestAtlantaHawksPage" file="test_Atlanta_Hawks_Page.py" line="553" name="test_atlanta_hawks_roster_sorted_experience_reverse_column" time="0.225"></testcase><testcase classname="test_Atlanta_Hawks_Page.TestAtlantaHawksPage" file="test_Atlanta_Hawks_Page.py" line="562" name="test_atlanta_hawks_roster_sorted_college_column" time="0.490"></testcase><testcase classname="test_Atlanta_Hawks_Page.TestAtlantaHawksPage" file="test_Atlanta_Hawks_Page.py" line="570" name="test_atlanta_hawks_roster_sorted_college_reverse_column" time="0.462"></testcase><testcase classname="test_Boston_Celtics_Page.TestBostonCelticsPage" file="test_Boston_Celtics_Page.py" line="18" name="test_boston_celtics_franchise_verifiy_team" time="19.765"></testcase><testcase classname="test_Boston_Celtics_Page.TestBostonCelticsPage" file="test_Boston_Celtics_Page.py" line="28" name="test_boston_celtics_roster_players_stats" time="84.960"></testcase><testcase classname="test_Boston_Celtics_Page.TestBostonCelticsPage" file="test_Boston_Celtics_Page.py" line="315" name="test_boston_celtics_salaries_sorted_players_column" time="4.912"></testcase><testcase classname="test_Boston_Celtics_Page.TestBostonCelticsPage" file="test_Boston_Celtics_Page.py" line="325" name="test_boston_celtics_salaries_sorted_players_reverse_column" time="0.867"></testcase><testcase classname="test_Boston_Celtics_Page.TestBostonCelticsPage" file="test_Boston_Celtics_Page.py" line="333" name="test_boston_celtics_salaries_sorted_age_column" time="0.626"></testcase><testcase classname="test_Boston_Celtics_Page.TestBostonCelticsPage" file="test_Boston_Celtics_Page.py" line="341" name="test_boston_celtics_salaries_sorted_age_reverse_column" time="0.504"></testcase><testcase classname="test_Boston_Celtics_Page.TestBostonCelticsPage" file="test_Boston_Celtics_Page.py" line="349" name="test_boston_celtics_salaries_sorted_eight_teen_nine_teen_column" time="0.596"></testcase><testcase classname="test_Boston_Celtics_Page.TestBostonCelticsPage" file="test_Boston_Celtics_Page.py" line="357" name="test_boston_celtics_salaries_sorted_eight_teen_nine_teen_reverse_column" time="0.531"></testcase><testcase classname="test_Boston_Celtics_Page.TestBostonCelticsPage" file="test_Boston_Celtics_Page.py" line="365" name="test_boston_celtics_salaries_sorted_nine_teen_twenty_column" time="0.609"></testcase><testcase classname="test_Boston_Celtics_Page.TestBostonCelticsPage" file="test_Boston_Celtics_Page.py" line="373" name="test_boston_celtics_salaries_sorted_nine_teen_twenty_reverse_column" time="0.526"></testcase><testcase classname="test_Boston_Celtics_Page.TestBostonCelticsPage" file="test_Boston_Celtics_Page.py" line="381" name="test_boston_celtics_salaries_sorted_twenty_twenty_one_column" time="0.601"></testcase><testcase classname="test_Boston_Celtics_Page.TestBostonCelticsPage" file="test_Boston_Celtics_Page.py" line="389" name="test_boston_celtics_salaries_sorted_twenty_twenty_one_reverse_column" time="0.524"></testcase><testcase classname="test_Boston_Celtics_Page.TestBostonCelticsPage" file="test_Boston_Celtics_Page.py" line="397" name="test_boston_celtics_salaries_sorted_twenty_one_twenty_two_column" time="0.618"></testcase><testcase classname="test_Boston_Celtics_Page.TestBostonCelticsPage" file="test_Boston_Celtics_Page.py" line="407" name="test_boston_celtics_salaries_sorted_twenty_one_twenty_two_reverse_column" time="0.547"></testcase><testcase classname="test_Boston_Celtics_Page.TestBostonCelticsPage" file="test_Boston_Celtics_Page.py" line="416" name="test_boston_celtics_salaries_sorted_twenty_two_twenty_three_column" time="0.645"></testcase><testcase classname="test_Boston_Celtics_Page.TestBostonCelticsPage" file="test_Boston_Celtics_Page.py" line="426" name="test_boston_celtics_salaries_sorted_twenty_two_twenty_threereverse_column" time="0.508"></testcase><testcase classname="test_Boston_Celtics_Page.TestBostonCelticsPage" file="test_Boston_Celtics_Page.py" line="437" name="test_boston_celtics_salaries_sorted_guranteed_column" time="0.639"></testcase><testcase classname="test_Boston_Celtics_Page.TestBostonCelticsPage" file="test_Boston_Celtics_Page.py" line="445" name="test_boston_celtics_salaries_sorted_guranteed_reverse_column" time="0.521"></testcase><testcase classname="test_Boston_Celtics_Page.TestBostonCelticsPage" file="test_Boston_Celtics_Page.py" line="452" name="test_boston_celtics_roster_sorted_players_column" time="8.206"></testcase><testcase classname="test_Boston_Celtics_Page.TestBostonCelticsPage" file="test_Boston_Celtics_Page.py" line="463" name="test_boston_celtics_roster_sorted_players_reverse_column" time="0.946"></testcase><testcase classname="test_Boston_Celtics_Page.TestBostonCelticsPage" file="test_Boston_Celtics_Page.py" line="470" name="test_boston_celtics_roster_sorted_position_column" time="0.672"></testcase><testcase classname="test_Boston_Celtics_Page.TestBostonCelticsPage" file="test_Boston_Celtics_Page.py" line="479" name="test_boston_celtics_roster_sorted_position_reverse_column" time="0.463"></testcase><testcase classname="test_Boston_Celtics_Page.TestBostonCelticsPage" file="test_Boston_Celtics_Page.py" line="485" name="test_boston_celtics_roster_sorted_height_column" time="0.608"></testcase><testcase classname="test_Boston_Celtics_Page.TestBostonCelticsPage" file="test_Boston_Celtics_Page.py" line="492" name="test_boston_celtics_roster_sorted_height_reverse_column" time="0.566"></testcase><testcase classname="test_Boston_Celtics_Page.TestBostonCelticsPage" file="test_Boston_Celtics_Page.py" line="500" name="test_boston_celtics_roster_sorted_weight_column" time="0.433"></testcase><testcase classname="test_Boston_Celtics_Page.TestBostonCelticsPage" file="test_Boston_Celtics_Page.py" line="508" name="test_boston_celtics_roster_sorted_weight_reverse_column" time="0.223"></testcase><testcase classname="test_Boston_Celtics_Page.TestBostonCelticsPage" file="test_Boston_Celtics_Page.py" line="516" name="test_boston_celtics_roster_sorted_dob_column" time="0.665"></testcase><testcase classname="test_Boston_Celtics_Page.TestBostonCelticsPage" file="test_Boston_Celtics_Page.py" line="524" name="test_boston_celtics_roster_sorted_dob_reverse_column" time="0.511"></testcase><testcase classname="test_Boston_Celtics_Page.TestBostonCelticsPage" file="test_Boston_Celtics_Page.py" line="533" name="test_boston_celtics_roster_sorted_experience_column" time="0.364"></testcase><testcase classname="test_Boston_Celtics_Page.TestBostonCelticsPage" file="test_Boston_Celtics_Page.py" line="541" name="test_boston_celtics_roster_sorted_experience_reverse_column" time="0.213"></testcase><testcase classname="test_Boston_Celtics_Page.TestBostonCelticsPage" file="test_Boston_Celtics_Page.py" line="549" name="test_boston_celtics_roster_sorted_college_column" time="0.531"></testcase><testcase classname="test_Boston_Celtics_Page.TestBostonCelticsPage" file="test_Boston_Celtics_Page.py" line="556" name="test_boston_celtics_roster_sorted_college_reverse_column" time="4.684"></testcase><testcase classname="test_Brooklyn_Nets_Page.TestBrooklynNetsPage" file="test_Brooklyn_Nets_Page.py" line="18" name="test_brooklyn_nets_franchise_verifiy_team" time="13.187"></testcase><testcase classname="test_Brooklyn_Nets_Page.TestBrooklynNetsPage" file="test_Brooklyn_Nets_Page.py" line="28" name="test_brooklyn_nets_roster_players_stats" time="88.132"></testcase><testcase classname="test_Brooklyn_Nets_Page.TestBrooklynNetsPage" file="test_Brooklyn_Nets_Page.py" line="314" name="test_brooklyn_nets_salaries_sorted_players_column" time="1.445"></testcase><testcase classname="test_Brooklyn_Nets_Page.TestBrooklynNetsPage" file="test_Brooklyn_Nets_Page.py" line="324" name="test_brooklyn_nets_salaries_sorted_players_reverse_column" time="0.583"></testcase><testcase classname="test_Brooklyn_Nets_Page.TestBrooklynNetsPage" file="test_Brooklyn_Nets_Page.py" line="332" name="test_brooklyn_nets_salaries_sorted_age_column" time="0.445"></testcase><testcase classname="test_Brooklyn_Nets_Page.TestBrooklynNetsPage" file="test_Brooklyn_Nets_Page.py" line="340" name="test_brooklyn_nets_salaries_sorted_age_reverse_column" time="0.352"></testcase><testcase classname="test_Brooklyn_Nets_Page.TestBrooklynNetsPage" file="test_Brooklyn_Nets_Page.py" line="348" name="test_brooklyn_nets_salaries_sorted_eight_teen_nine_teen_column" time="0.469"></testcase><testcase classname="test_Brooklyn_Nets_Page.TestBrooklynNetsPage" file="test_Brooklyn_Nets_Page.py" line="356" name="test_brooklyn_nets_salaries_sorted_eight_teen_nine_teen_reverse_column" time="0.341"></testcase><testcase classname="test_Brooklyn_Nets_Page.TestBrooklynNetsPage" file="test_Brooklyn_Nets_Page.py" line="364" name="test_brooklyn_nets_salaries_sorted_nine_teen_twenty_column" time="0.472"></testcase><testcase classname="test_Brooklyn_Nets_Page.TestBrooklynNetsPage" file="test_Brooklyn_Nets_Page.py" line="372" name="test_brooklyn_nets_salaries_sorted_nine_teen_twenty_reverse_column" time="0.353"></testcase><testcase classname="test_Brooklyn_Nets_Page.TestBrooklynNetsPage" file="test_Brooklyn_Nets_Page.py" line="380" name="test_brooklyn_nets_salaries_sorted_twenty_twenty_one_column" time="0.457"></testcase><testcase classname="test_Brooklyn_Nets_Page.TestBrooklynNetsPage" file="test_Brooklyn_Nets_Page.py" line="388" name="test_brooklyn_nets_salaries_sorted_twenty_twenty_one_reverse_column" time="0.375"></testcase><testcase classname="test_Brooklyn_Nets_Page.TestBrooklynNetsPage" file="test_Brooklyn_Nets_Page.py" line="396" name="test_brooklyn_nets_salaries_sorted_twenty_one_twenty_two_column" time="0.464"></testcase><testcase classname="test_Brooklyn_Nets_Page.TestBrooklynNetsPage" file="test_Brooklyn_Nets_Page.py" line="406" name="test_brooklyn_nets_salaries_sorted_twenty_one_twenty_two_reverse_column" time="0.382"></testcase><testcase classname="test_Brooklyn_Nets_Page.TestBrooklynNetsPage" file="test_Brooklyn_Nets_Page.py" line="415" name="test_brooklyn_nets_salaries_sorted_twenty_two_twenty_three_column" time="0.505"></testcase><testcase classname="test_Brooklyn_Nets_Page.TestBrooklynNetsPage" file="test_Brooklyn_Nets_Page.py" line="425" name="test_brooklyn_nets_salaries_sorted_twenty_two_twenty_threereverse_column" time="0.408"></testcase><testcase classname="test_Brooklyn_Nets_Page.TestBrooklynNetsPage" file="test_Brooklyn_Nets_Page.py" line="436" name="test_brooklyn_nets_salaries_sorted_guranteed_column" time="0.502"></testcase><testcase classname="test_Brooklyn_Nets_Page.TestBrooklynNetsPage" file="test_Brooklyn_Nets_Page.py" line="444" name="test_brooklyn_nets_salaries_sorted_guranteed_reverse_column" time="0.356"></testcase><testcase classname="test_Brooklyn_Nets_Page.TestBrooklynNetsPage" file="test_Brooklyn_Nets_Page.py" line="451" name="test_brooklyn_nets_roster_sorted_players_column" time="8.057"></testcase><testcase classname="test_Brooklyn_Nets_Page.TestBrooklynNetsPage" file="test_Brooklyn_Nets_Page.py" line="462" name="test_brooklyn_nets_roster_sorted_players_reverse_column" time="0.690"></testcase><testcase classname="test_Brooklyn_Nets_Page.TestBrooklynNetsPage" file="test_Brooklyn_Nets_Page.py" line="469" name="test_brooklyn_nets_roster_sorted_position_column" time="0.475"></testcase><testcase classname="test_Brooklyn_Nets_Page.TestBrooklynNetsPage" file="test_Brooklyn_Nets_Page.py" line="478" name="test_brooklyn_nets_roster_sorted_position_reverse_column" time="0.301"></testcase><testcase classname="test_Brooklyn_Nets_Page.TestBrooklynNetsPage" file="test_Brooklyn_Nets_Page.py" line="484" name="test_brooklyn_nets_roster_sorted_height_column" time="0.468"></testcase><testcase classname="test_Brooklyn_Nets_Page.TestBrooklynNetsPage" file="test_Brooklyn_Nets_Page.py" line="491" name="test_brooklyn_nets_roster_sorted_height_reverse_column" time="0.354"></testcase><testcase classname="test_Brooklyn_Nets_Page.TestBrooklynNetsPage" file="test_Brooklyn_Nets_Page.py" line="499" name="test_brooklyn_nets_roster_sorted_weight_column" time="0.307"></testcase><testcase classname="test_Brooklyn_Nets_Page.TestBrooklynNetsPage" file="test_Brooklyn_Nets_Page.py" line="507" name="test_brooklyn_nets_roster_sorted_weight_reverse_column" time="0.229"></testcase><testcase classname="test_Brooklyn_Nets_Page.TestBrooklynNetsPage" file="test_Brooklyn_Nets_Page.py" line="515" name="test_brooklyn_nets_roster_sorted_dob_column" time="0.590"></testcase><testcase classname="test_Brooklyn_Nets_Page.TestBrooklynNetsPage" file="test_Brooklyn_Nets_Page.py" line="523" name="test_brooklyn_nets_roster_sorted_dob_reverse_column" time="0.499"></testcase><testcase classname="test_Brooklyn_Nets_Page.TestBrooklynNetsPage" file="test_Brooklyn_Nets_Page.py" line="532" name="test_brooklyn_nets_roster_sorted_experience_column" time="0.323"></testcase><testcase classname="test_Brooklyn_Nets_Page.TestBrooklynNetsPage" file="test_Brooklyn_Nets_Page.py" line="540" name="test_brooklyn_nets_roster_sorted_experience_reverse_column" time="0.205"></testcase><testcase classname="test_Brooklyn_Nets_Page.TestBrooklynNetsPage" file="test_Brooklyn_Nets_Page.py" line="548" name="test_brooklyn_nets_roster_sorted_college_column" time="0.460"></testcase><testcase classname="test_Brooklyn_Nets_Page.TestBrooklynNetsPage" file="test_Brooklyn_Nets_Page.py" line="555" name="test_brooklyn_nets_roster_sorted_college_reverse_column" time="4.682"></testcase><testcase classname="test_Charlotte_Hornets_Page.TestCharlotteHornetsPage" file="test_Charlotte_Hornets_Page.py" line="18" name="test_charlotte_hornets_franchise_verifiy_team" time="14.832"></testcase><testcase classname="test_Charlotte_Hornets_Page.TestCharlotteHornetsPage" file="test_Charlotte_Hornets_Page.py" line="28" name="test_charlotte_hornets_roster_players_stats" time="88.177"></testcase><testcase classname="test_Charlotte_Hornets_Page.TestCharlotteHornetsPage" file="test_Charlotte_Hornets_Page.py" line="317" name="test_charlotte_hornets_salaries_sorted_players_column" time="1.723"></testcase><testcase classname="test_Charlotte_Hornets_Page.TestCharlotteHornetsPage" file="test_Charlotte_Hornets_Page.py" line="327" name="test_charlotte_hornets_salaries_sorted_players_reverse_column" time="0.793"></testcase><testcase classname="test_Charlotte_Hornets_Page.TestCharlotteHornetsPage" file="test_Charlotte_Hornets_Page.py" line="335" name="test_charlotte_hornets_salaries_sorted_age_column" time="0.583"></testcase><testcase classname="test_Charlotte_Hornets_Page.TestCharlotteHornetsPage" file="test_Charlotte_Hornets_Page.py" line="343" name="test_charlotte_hornets_salaries_sorted_age_reverse_column" time="0.477"></testcase><testcase classname="test_Charlotte_Hornets_Page.TestCharlotteHornetsPage" file="test_Charlotte_Hornets_Page.py" line="351" name="test_charlotte_hornets_salaries_sorted_eight_teen_nine_teen_column" time="0.478"></testcase><testcase classname="test_Charlotte_Hornets_Page.TestCharlotteHornetsPage" file="test_Charlotte_Hornets_Page.py" line="359" name="test_charlotte_hornets_salaries_sorted_eight_teen_nine_teen_reverse_column" time="0.335"></testcase><testcase classname="test_Charlotte_Hornets_Page.TestCharlotteHornetsPage" file="test_Charlotte_Hornets_Page.py" line="367" name="test_charlotte_hornets_salaries_sorted_nine_teen_twenty_column" time="0.498"></testcase><testcase classname="test_Charlotte_Hornets_Page.TestCharlotteHornetsPage" file="test_Charlotte_Hornets_Page.py" line="375" name="test_charlotte_hornets_salaries_sorted_nine_teen_twenty_reverse_column" time="0.325"></testcase><testcase classname="test_Charlotte_Hornets_Page.TestCharlotteHornetsPage" file="test_Charlotte_Hornets_Page.py" line="383" name="test_charlotte_hornets_salaries_sorted_twenty_twenty_one_column" time="0.472"></testcase><testcase classname="test_Charlotte_Hornets_Page.TestCharlotteHornetsPage" file="test_Charlotte_Hornets_Page.py" line="391" name="test_charlotte_hornets_salaries_sorted_twenty_twenty_one_reverse_column" time="0.348"></testcase><testcase classname="test_Charlotte_Hornets_Page.TestCharlotteHornetsPage" file="test_Charlotte_Hornets_Page.py" line="399" name="test_charlotte_hornets_salaries_sorted_twenty_one_twenty_two_column" time="0.487"></testcase><testcase classname="test_Charlotte_Hornets_Page.TestCharlotteHornetsPage" file="test_Charlotte_Hornets_Page.py" line="409" name="test_charlotte_hornets_salaries_sorted_twenty_one_twenty_two_reverse_column" time="0.354"></testcase><testcase classname="test_Charlotte_Hornets_Page.TestCharlotteHornetsPage" file="test_Charlotte_Hornets_Page.py" line="418" name="test_charlotte_hornets_salaries_sorted_twenty_two_twenty_three_column" time="0.489"></testcase><testcase classname="test_Charlotte_Hornets_Page.TestCharlotteHornetsPage" file="test_Charlotte_Hornets_Page.py" line="428" name="test_charlotte_hornets_salaries_sorted_twenty_two_twenty_threereverse_column" time="0.355"></testcase><testcase classname="test_Charlotte_Hornets_Page.TestCharlotteHornetsPage" file="test_Charlotte_Hornets_Page.py" line="439" name="test_charlotte_hornets_salaries_sorted_guranteed_column" time="0.522"></testcase><testcase classname="test_Charlotte_Hornets_Page.TestCharlotteHornetsPage" file="test_Charlotte_Hornets_Page.py" line="447" name="test_charlotte_hornets_salaries_sorted_guranteed_reverse_column" time="0.365"></testcase><testcase classname="test_Charlotte_Hornets_Page.TestCharlotteHornetsPage" file="test_Charlotte_Hornets_Page.py" line="454" name="test_charlotte_hornets_roster_sorted_players_column" time="8.080"></testcase><testcase classname="test_Charlotte_Hornets_Page.TestCharlotteHornetsPage" file="test_Charlotte_Hornets_Page.py" line="465" name="test_charlotte_hornets_roster_sorted_players_reverse_column" time="0.744"></testcase><testcase classname="test_Charlotte_Hornets_Page.TestCharlotteHornetsPage" file="test_Charlotte_Hornets_Page.py" line="472" name="test_charlotte_hornets_roster_sorted_position_column" time="0.623"></testcase><testcase classname="test_Charlotte_Hornets_Page.TestCharlotteHornetsPage" file="test_Charlotte_Hornets_Page.py" line="481" name="test_charlotte_hornets_roster_sorted_position_reverse_column" time="0.447"></testcase><testcase classname="test_Charlotte_Hornets_Page.TestCharlotteHornetsPage" file="test_Charlotte_Hornets_Page.py" line="487" name="test_charlotte_hornets_roster_sorted_height_column" time="0.543"></testcase><testcase classname="test_Charlotte_Hornets_Page.TestCharlotteHornetsPage" file="test_Charlotte_Hornets_Page.py" line="494" name="test_charlotte_hornets_roster_sorted_height_reverse_column" time="0.478"></testcase><testcase classname="test_Charlotte_Hornets_Page.TestCharlotteHornetsPage" file="test_Charlotte_Hornets_Page.py" line="502" name="test_charlotte_hornets_roster_sorted_weight_column" time="0.356"></testcase><testcase classname="test_Charlotte_Hornets_Page.TestCharlotteHornetsPage" file="test_Charlotte_Hornets_Page.py" line="510" name="test_charlotte_hornets_roster_sorted_weight_reverse_column" time="0.263"></testcase><testcase classname="test_Charlotte_Hornets_Page.TestCharlotteHornetsPage" file="test_Charlotte_Hornets_Page.py" line="518" name="test_charlotte_hornets_roster_sorted_dob_column" time="0.774"></testcase><testcase classname="test_Charlotte_Hornets_Page.TestCharlotteHornetsPage" file="test_Charlotte_Hornets_Page.py" line="526" name="test_charlotte_hornets_roster_sorted_dob_reverse_column" time="0.525"></testcase><testcase classname="test_Charlotte_Hornets_Page.TestCharlotteHornetsPage" file="test_Charlotte_Hornets_Page.py" line="535" name="test_charlotte_hornets_roster_sorted_experience_column" time="0.322"></testcase><testcase classname="test_Charlotte_Hornets_Page.TestCharlotteHornetsPage" file="test_Charlotte_Hornets_Page.py" line="543" name="test_charlotte_hornets_roster_sorted_experience_reverse_column" time="0.232"></testcase><testcase classname="test_Charlotte_Hornets_Page.TestCharlotteHornetsPage" file="test_Charlotte_Hornets_Page.py" line="551" name="test_charlotte_hornets_roster_sorted_college_column" time="0.500"></testcase><testcase classname="test_Charlotte_Hornets_Page.TestCharlotteHornetsPage" file="test_Charlotte_Hornets_Page.py" line="558" name="test_charlotte_hornets_roster_sorted_college_reverse_column" time="4.725"></testcase><testcase classname="test_Chicago_Bulls_Page.TestChicagoBullsPage" file="test_Chicago_Bulls_Page.py" line="18" name="test_chicago_bulls_franchise_verifiy_team" time="12.927"></testcase><testcase classname="test_Chicago_Bulls_Page.TestChicagoBullsPage" file="test_Chicago_Bulls_Page.py" line="28" name="test_chicago_bulls_roster_players_stats" time="87.740"></testcase><testcase classname="test_Chicago_Bulls_Page.TestChicagoBullsPage" file="test_Chicago_Bulls_Page.py" line="317" name="test_chicago_bulls_salaries_sorted_players_column" time="1.806"></testcase><testcase classname="test_Chicago_Bulls_Page.TestChicagoBullsPage" file="test_Chicago_Bulls_Page.py" line="327" name="test_chicago_bulls_salaries_sorted_players_reverse_column" time="0.907"></testcase><testcase classname="test_Chicago_Bulls_Page.TestChicagoBullsPage" file="test_Chicago_Bulls_Page.py" line="335" name="test_chicago_bulls_salaries_sorted_age_column" time="0.625"></testcase><testcase classname="test_Chicago_Bulls_Page.TestChicagoBullsPage" file="test_Chicago_Bulls_Page.py" line="343" name="test_chicago_bulls_salaries_sorted_age_reverse_column" time="0.511"></testcase><testcase classname="test_Chicago_Bulls_Page.TestChicagoBullsPage" file="test_Chicago_Bulls_Page.py" line="351" name="test_chicago_bulls_salaries_sorted_eight_teen_nine_teen_column" time="0.630"></testcase><testcase classname="test_Chicago_Bulls_Page.TestChicagoBullsPage" file="test_Chicago_Bulls_Page.py" line="359" name="test_chicago_bulls_salaries_sorted_eight_teen_nine_teen_reverse_column" time="0.513"></testcase><testcase classname="test_Chicago_Bulls_Page.TestChicagoBullsPage" file="test_Chicago_Bulls_Page.py" line="367" name="test_chicago_bulls_salaries_sorted_nine_teen_twenty_column" time="0.637"></testcase><testcase classname="test_Chicago_Bulls_Page.TestChicagoBullsPage" file="test_Chicago_Bulls_Page.py" line="375" name="test_chicago_bulls_salaries_sorted_nine_teen_twenty_reverse_column" time="0.537"></testcase><testcase classname="test_Chicago_Bulls_Page.TestChicagoBullsPage" file="test_Chicago_Bulls_Page.py" line="383" name="test_chicago_bulls_salaries_sorted_twenty_twenty_one_column" time="0.634"></testcase><testcase classname="test_Chicago_Bulls_Page.TestChicagoBullsPage" file="test_Chicago_Bulls_Page.py" line="391" name="test_chicago_bulls_salaries_sorted_twenty_twenty_one_reverse_column" time="0.554"></testcase><testcase classname="test_Chicago_Bulls_Page.TestChicagoBullsPage" file="test_Chicago_Bulls_Page.py" line="399" name="test_chicago_bulls_salaries_sorted_twenty_one_twenty_two_column" time="0.591"></testcase><testcase classname="test_Chicago_Bulls_Page.TestChicagoBullsPage" file="test_Chicago_Bulls_Page.py" line="409" name="test_chicago_bulls_salaries_sorted_twenty_one_twenty_two_reverse_column" time="0.521"></testcase><testcase classname="test_Chicago_Bulls_Page.TestChicagoBullsPage" file="test_Chicago_Bulls_Page.py" line="418" name="test_chicago_bulls_salaries_sorted_twenty_two_twenty_three_column" time="0.594"></testcase><testcase classname="test_Chicago_Bulls_Page.TestChicagoBullsPage" file="test_Chicago_Bulls_Page.py" line="428" name="test_chicago_bulls_salaries_sorted_twenty_two_twenty_threereverse_column" time="0.602"></testcase><testcase classname="test_Chicago_Bulls_Page.TestChicagoBullsPage" file="test_Chicago_Bulls_Page.py" line="439" name="test_chicago_bulls_salaries_sorted_guranteed_column" time="0.500"></testcase><testcase classname="test_Chicago_Bulls_Page.TestChicagoBullsPage" file="test_Chicago_Bulls_Page.py" line="447" name="test_chicago_bulls_salaries_sorted_guranteed_reverse_column" time="0.366"></testcase><testcase classname="test_Chicago_Bulls_Page.TestChicagoBullsPage" file="test_Chicago_Bulls_Page.py" line="454" name="test_chicago_bulls_roster_sorted_players_column" time="7.986"></testcase><testcase classname="test_Chicago_Bulls_Page.TestChicagoBullsPage" file="test_Chicago_Bulls_Page.py" line="467" name="test_chicago_bulls_roster_sorted_players_reverse_column" time="0.648"></testcase><testcase classname="test_Chicago_Bulls_Page.TestChicagoBullsPage" file="test_Chicago_Bulls_Page.py" line="474" name="test_chicago_bulls_roster_sorted_position_column" time="0.587"></testcase><testcase classname="test_Chicago_Bulls_Page.TestChicagoBullsPage" file="test_Chicago_Bulls_Page.py" line="483" name="test_chicago_bulls_roster_sorted_position_reverse_column" time="0.322"></testcase><testcase classname="test_Chicago_Bulls_Page.TestChicagoBullsPage" file="test_Chicago_Bulls_Page.py" line="489" name="test_chicago_bulls_roster_sorted_height_column" time="0.555"></testcase><testcase classname="test_Chicago_Bulls_Page.TestChicagoBullsPage" file="test_Chicago_Bulls_Page.py" line="496" name="test_chicago_bulls_roster_sorted_height_reverse_column" time="0.442"></testcase><testcase classname="test_Chicago_Bulls_Page.TestChicagoBullsPage" file="test_Chicago_Bulls_Page.py" line="504" name="test_chicago_bulls_roster_sorted_weight_column" time="0.349"></testcase><testcase classname="test_Chicago_Bulls_Page.TestChicagoBullsPage" file="test_Chicago_Bulls_Page.py" line="512" name="test_chicago_bulls_roster_sorted_weight_reverse_column" time="0.257"></testcase><testcase classname="test_Chicago_Bulls_Page.TestChicagoBullsPage" file="test_Chicago_Bulls_Page.py" line="520" name="test_chicago_bulls_roster_sorted_dob_column" time="0.742"></testcase><testcase classname="test_Chicago_Bulls_Page.TestChicagoBullsPage" file="test_Chicago_Bulls_Page.py" line="528" name="test_chicago_bulls_roster_sorted_dob_reverse_column" time="0.645"></testcase><testcase classname="test_Chicago_Bulls_Page.TestChicagoBullsPage" file="test_Chicago_Bulls_Page.py" line="537" name="test_chicago_bulls_roster_sorted_experience_column" time="0.353"></testcase><testcase classname="test_Chicago_Bulls_Page.TestChicagoBullsPage" file="test_Chicago_Bulls_Page.py" line="545" name="test_chicago_bulls_roster_sorted_experience_reverse_column" time="0.272"></testcase><testcase classname="test_Chicago_Bulls_Page.TestChicagoBullsPage" file="test_Chicago_Bulls_Page.py" line="553" name="test_chicago_bulls_roster_sorted_college_column" time="0.567"></testcase><testcase classname="test_Chicago_Bulls_Page.TestChicagoBullsPage" file="test_Chicago_Bulls_Page.py" line="560" name="test_chicago_bulls_roster_sorted_college_reverse_column" time="4.759"></testcase><testcase classname="test_Cleveland _Cavaliers_Page.TestClevelandCavaliersPage" file="test_Cleveland _Cavaliers_Page.py" line="18" name="test_cleveland_cavaliers_franchise_verifiy_team" time="10.568"></testcase><testcase classname="test_Cleveland _Cavaliers_Page.TestClevelandCavaliersPage" file="test_Cleveland _Cavaliers_Page.py" line="28" name="test_cleveland_cavaliers_roster_players_stats" time="92.681"></testcase><testcase classname="test_Cleveland _Cavaliers_Page.TestClevelandCavaliersPage" file="test_Cleveland _Cavaliers_Page.py" line="317" name="test_cleveland_cavaliers_salaries_sorted_players_column" time="1.624"></testcase><testcase classname="test_Cleveland _Cavaliers_Page.TestClevelandCavaliersPage" file="test_Cleveland _Cavaliers_Page.py" line="327" name="test_cleveland_cavaliers_salaries_sorted_players_reverse_column" time="0.589"></testcase><testcase classname="test_Cleveland _Cavaliers_Page.TestClevelandCavaliersPage" file="test_Cleveland _Cavaliers_Page.py" line="335" name="test_cleveland_cavaliers_salaries_sorted_age_column" time="0.477"></testcase><testcase classname="test_Cleveland _Cavaliers_Page.TestClevelandCavaliersPage" file="test_Cleveland _Cavaliers_Page.py" line="343" name="test_cleveland_cavaliers_salaries_sorted_age_reverse_column" time="0.355"></testcase><testcase classname="test_Cleveland _Cavaliers_Page.TestClevelandCavaliersPage" file="test_Cleveland _Cavaliers_Page.py" line="351" name="test_cleveland_cavaliers_salaries_sorted_eight_teen_nine_teen_column" time="0.466"></testcase><testcase classname="test_Cleveland _Cavaliers_Page.TestClevelandCavaliersPage" file="test_Cleveland _Cavaliers_Page.py" line="359" name="test_cleveland_cavaliers_salaries_sorted_eight_teen_nine_teen_reverse_column" time="0.334"></testcase><testcase classname="test_Cleveland _Cavaliers_Page.TestClevelandCavaliersPage" file="test_Cleveland _Cavaliers_Page.py" line="367" name="test_cleveland_cavaliers_salaries_sorted_nine_teen_twenty_column" time="0.453"></testcase><testcase classname="test_Cleveland _Cavaliers_Page.TestClevelandCavaliersPage" file="test_Cleveland _Cavaliers_Page.py" line="375" name="test_cleveland_cavaliers_salaries_sorted_nine_teen_twenty_reverse_column" time="0.391"></testcase><testcase classname="test_Cleveland _Cavaliers_Page.TestClevelandCavaliersPage" file="test_Cleveland _Cavaliers_Page.py" line="383" name="test_cleveland_cavaliers_salaries_sorted_twenty_twenty_one_column" time="0.449"></testcase><testcase classname="test_Cleveland _Cavaliers_Page.TestClevelandCavaliersPage" file="test_Cleveland _Cavaliers_Page.py" line="391" name="test_cleveland_cavaliers_salaries_sorted_twenty_twenty_one_reverse_column" time="0.388"></testcase><testcase classname="test_Cleveland _Cavaliers_Page.TestClevelandCavaliersPage" file="test_Cleveland _Cavaliers_Page.py" line="399" name="test_cleveland_cavaliers_salaries_sorted_twenty_one_twenty_two_column" time="0.484"></testcase><testcase classname="test_Cleveland _Cavaliers_Page.TestClevelandCavaliersPage" file="test_Cleveland _Cavaliers_Page.py" line="409" name="test_cleveland_cavaliers_salaries_sorted_twenty_one_twenty_two_reverse_column" time="0.374"></testcase><testcase classname="test_Cleveland _Cavaliers_Page.TestClevelandCavaliersPage" file="test_Cleveland _Cavaliers_Page.py" line="418" name="test_cleveland_cavaliers_salaries_sorted_twenty_two_twenty_three_column" time="0.476"></testcase><testcase classname="test_Cleveland _Cavaliers_Page.TestClevelandCavaliersPage" file="test_Cleveland _Cavaliers_Page.py" line="428" name="test_cleveland_cavaliers_salaries_sorted_twenty_two_twenty_threereverse_column" time="0.378"></testcase><testcase classname="test_Cleveland _Cavaliers_Page.TestClevelandCavaliersPage" file="test_Cleveland _Cavaliers_Page.py" line="439" name="test_cleveland_cavaliers_salaries_sorted_guranteed_column" time="0.505"></testcase><testcase classname="test_Cleveland _Cavaliers_Page.TestClevelandCavaliersPage" file="test_Cleveland _Cavaliers_Page.py" line="447" name="test_cleveland_cavaliers_salaries_sorted_guranteed_reverse_column" time="0.392"></testcase><testcase classname="test_Cleveland _Cavaliers_Page.TestClevelandCavaliersPage" file="test_Cleveland _Cavaliers_Page.py" line="454" name="test_cleveland_cavaliers_roster_sorted_players_column" time="7.905"></testcase><testcase classname="test_Cleveland _Cavaliers_Page.TestClevelandCavaliersPage" file="test_Cleveland _Cavaliers_Page.py" line="467" name="test_cleveland_cavaliers_roster_sorted_players_reverse_column" time="0.593"></testcase><testcase classname="test_Cleveland _Cavaliers_Page.TestClevelandCavaliersPage" file="test_Cleveland _Cavaliers_Page.py" line="474" name="test_cleveland_cavaliers_roster_sorted_position_column" time="0.519"></testcase><testcase classname="test_Cleveland _Cavaliers_Page.TestClevelandCavaliersPage" file="test_Cleveland _Cavaliers_Page.py" line="483" name="test_cleveland_cavaliers_roster_sorted_position_reverse_column" time="0.238"></testcase><testcase classname="test_Cleveland _Cavaliers_Page.TestClevelandCavaliersPage" file="test_Cleveland _Cavaliers_Page.py" line="489" name="test_cleveland_cavaliers_roster_sorted_height_column" time="0.419"></testcase><testcase classname="test_Cleveland _Cavaliers_Page.TestClevelandCavaliersPage" file="test_Cleveland _Cavaliers_Page.py" line="496" name="test_cleveland_cavaliers_roster_sorted_height_reverse_column" time="0.329"></testcase><testcase classname="test_Cleveland _Cavaliers_Page.TestClevelandCavaliersPage" file="test_Cleveland _Cavaliers_Page.py" line="504" name="test_cleveland_cavaliers_roster_sorted_weight_column" time="0.325"></testcase><testcase classname="test_Cleveland _Cavaliers_Page.TestClevelandCavaliersPage" file="test_Cleveland _Cavaliers_Page.py" line="512" name="test_cleveland_cavaliers_roster_sorted_weight_reverse_column" time="0.194"></testcase><testcase classname="test_Cleveland _Cavaliers_Page.TestClevelandCavaliersPage" file="test_Cleveland _Cavaliers_Page.py" line="520" name="test_cleveland_cavaliers_roster_sorted_dob_column" time="0.546"></testcase><testcase classname="test_Cleveland _Cavaliers_Page.TestClevelandCavaliersPage" file="test_Cleveland _Cavaliers_Page.py" line="528" name="test_cleveland_cavaliers_roster_sorted_dob_reverse_column" time="0.443"></testcase><testcase classname="test_Cleveland _Cavaliers_Page.TestClevelandCavaliersPage" file="test_Cleveland _Cavaliers_Page.py" line="537" name="test_cleveland_cavaliers_roster_sorted_experience_column" time="0.280"></testcase><testcase classname="test_Cleveland _Cavaliers_Page.TestClevelandCavaliersPage" file="test_Cleveland _Cavaliers_Page.py" line="545" name="test_cleveland_cavaliers_roster_sorted_experience_reverse_column" time="0.227"></testcase><testcase classname="test_Cleveland _Cavaliers_Page.TestClevelandCavaliersPage" file="test_Cleveland _Cavaliers_Page.py" line="553" name="test_cleveland_cavaliers_roster_sorted_college_column" time="0.404"></testcase><testcase classname="test_Cleveland _Cavaliers_Page.TestClevelandCavaliersPage" file="test_Cleveland _Cavaliers_Page.py" line="560" name="test_cleveland_cavaliers_roster_sorted_college_reverse_column" time="0.420"></testcase><testcase classname="test_Dallas_Mavericks_Page.TestDallasMavericksPage" file="test_Dallas_Mavericks_Page.py" line="18" name="test_dallas_mavericks_franchise_verifiy_team" time="12.604"></testcase><testcase classname="test_Dallas_Mavericks_Page.TestDallasMavericksPage" file="test_Dallas_Mavericks_Page.py" line="28" name="test_dallas_mavericks_roster_players_stats" time="91.216"></testcase><testcase classname="test_Dallas_Mavericks_Page.TestDallasMavericksPage" file="test_Dallas_Mavericks_Page.py" line="317" name="test_dallas_mavericks_salaries_sorted_players_column" time="1.785"></testcase><testcase classname="test_Dallas_Mavericks_Page.TestDallasMavericksPage" file="test_Dallas_Mavericks_Page.py" line="327" name="test_dallas_mavericks_salaries_sorted_players_reverse_column" time="0.866"></testcase><testcase classname="test_Dallas_Mavericks_Page.TestDallasMavericksPage" file="test_Dallas_Mavericks_Page.py" line="335" name="test_dallas_mavericks_salaries_sorted_age_column" time="0.562"></testcase><testcase classname="test_Dallas_Mavericks_Page.TestDallasMavericksPage" file="test_Dallas_Mavericks_Page.py" line="343" name="test_dallas_mavericks_salaries_sorted_age_reverse_column" time="0.480"></testcase><testcase classname="test_Dallas_Mavericks_Page.TestDallasMavericksPage" file="test_Dallas_Mavericks_Page.py" line="351" name="test_dallas_mavericks_salaries_sorted_eight_teen_nine_teen_column" time="0.579"></testcase><testcase classname="test_Dallas_Mavericks_Page.TestDallasMavericksPage" file="test_Dallas_Mavericks_Page.py" line="359" name="test_dallas_mavericks_salaries_sorted_eight_teen_nine_teen_reverse_column" time="0.480"></testcase><testcase classname="test_Dallas_Mavericks_Page.TestDallasMavericksPage" file="test_Dallas_Mavericks_Page.py" line="367" name="test_dallas_mavericks_salaries_sorted_nine_teen_twenty_column" time="0.587"></testcase><testcase classname="test_Dallas_Mavericks_Page.TestDallasMavericksPage" file="test_Dallas_Mavericks_Page.py" line="375" name="test_dallas_mavericks_salaries_sorted_nine_teen_twenty_reverse_column" time="0.480"></testcase><testcase classname="test_Dallas_Mavericks_Page.TestDallasMavericksPage" file="test_Dallas_Mavericks_Page.py" line="383" name="test_dallas_mavericks_salaries_sorted_twenty_twenty_one_column" time="0.595"></testcase><testcase classname="test_Dallas_Mavericks_Page.TestDallasMavericksPage" file="test_Dallas_Mavericks_Page.py" line="391" name="test_dallas_mavericks_salaries_sorted_twenty_twenty_one_reverse_column" time="0.486"></testcase><testcase classname="test_Dallas_Mavericks_Page.TestDallasMavericksPage" file="test_Dallas_Mavericks_Page.py" line="399" name="test_dallas_mavericks_salaries_sorted_twenty_one_twenty_two_column" time="0.601"></testcase><testcase classname="test_Dallas_Mavericks_Page.TestDallasMavericksPage" file="test_Dallas_Mavericks_Page.py" line="409" name="test_dallas_mavericks_salaries_sorted_twenty_one_twenty_two_reverse_column" time="0.509"></testcase><testcase classname="test_Dallas_Mavericks_Page.TestDallasMavericksPage" file="test_Dallas_Mavericks_Page.py" line="418" name="test_dallas_mavericks_salaries_sorted_twenty_two_twenty_three_column" time="0.601"></testcase><testcase classname="test_Dallas_Mavericks_Page.TestDallasMavericksPage" file="test_Dallas_Mavericks_Page.py" line="428" name="test_dallas_mavericks_salaries_sorted_twenty_two_twenty_threereverse_column" time="0.533"></testcase><testcase classname="test_Dallas_Mavericks_Page.TestDallasMavericksPage" file="test_Dallas_Mavericks_Page.py" line="439" name="test_dallas_mavericks_salaries_sorted_guranteed_column" time="0.611"></testcase><testcase classname="test_Dallas_Mavericks_Page.TestDallasMavericksPage" file="test_Dallas_Mavericks_Page.py" line="447" name="test_dallas_mavericks_salaries_sorted_guranteed_reverse_column" time="0.493"></testcase><testcase classname="test_Dallas_Mavericks_Page.TestDallasMavericksPage" file="test_Dallas_Mavericks_Page.py" line="454" name="test_dallas_mavericks_roster_sorted_players_column" time="8.179"></testcase><testcase classname="test_Dallas_Mavericks_Page.TestDallasMavericksPage" file="test_Dallas_Mavericks_Page.py" line="466" name="test_dallas_mavericks_roster_sorted_players_reverse_column" time="0.872"></testcase><testcase classname="test_Dallas_Mavericks_Page.TestDallasMavericksPage" file="test_Dallas_Mavericks_Page.py" line="473" name="test_dallas_mavericks_roster_sorted_position_column" time="0.624"></testcase><testcase classname="test_Dallas_Mavericks_Page.TestDallasMavericksPage" file="test_Dallas_Mavericks_Page.py" line="482" name="test_dallas_mavericks_roster_sorted_position_reverse_column" time="0.421"></testcase><testcase classname="test_Dallas_Mavericks_Page.TestDallasMavericksPage" file="test_Dallas_Mavericks_Page.py" line="488" name="test_dallas_mavericks_roster_sorted_height_column" time="0.563"></testcase><testcase classname="test_Dallas_Mavericks_Page.TestDallasMavericksPage" file="test_Dallas_Mavericks_Page.py" line="495" name="test_dallas_mavericks_roster_sorted_height_reverse_column" time="0.515"></testcase><testcase classname="test_Dallas_Mavericks_Page.TestDallasMavericksPage" file="test_Dallas_Mavericks_Page.py" line="503" name="test_dallas_mavericks_roster_sorted_weight_column" time="0.398"></testcase><testcase classname="test_Dallas_Mavericks_Page.TestDallasMavericksPage" file="test_Dallas_Mavericks_Page.py" line="511" name="test_dallas_mavericks_roster_sorted_weight_reverse_column" time="0.225"></testcase><testcase classname="test_Dallas_Mavericks_Page.TestDallasMavericksPage" file="test_Dallas_Mavericks_Page.py" line="519" name="test_dallas_mavericks_roster_sorted_dob_column" time="0.586"></testcase><testcase classname="test_Dallas_Mavericks_Page.TestDallasMavericksPage" file="test_Dallas_Mavericks_Page.py" line="527" name="test_dallas_mavericks_roster_sorted_dob_reverse_column" time="0.449"></testcase><testcase classname="test_Dallas_Mavericks_Page.TestDallasMavericksPage" file="test_Dallas_Mavericks_Page.py" line="536" name="test_dallas_mavericks_roster_sorted_experience_column" time="0.347"></testcase><testcase classname="test_Dallas_Mavericks_Page.TestDallasMavericksPage" file="test_Dallas_Mavericks_Page.py" line="544" name="test_dallas_mavericks_roster_sorted_experience_reverse_column" time="0.202"></testcase><testcase classname="test_Dallas_Mavericks_Page.TestDallasMavericksPage" file="test_Dallas_Mavericks_Page.py" line="552" name="test_dallas_mavericks_roster_sorted_college_column" time="0.464"></testcase><testcase classname="test_Dallas_Mavericks_Page.TestDallasMavericksPage" file="test_Dallas_Mavericks_Page.py" line="559" name="test_dallas_mavericks_roster_sorted_college_reverse_column" time="4.674"></testcase><testcase classname="test_Denver_Nuggets_Page.TestDenverNuggetsPage" file="test_Denver_Nuggets_Page.py" line="18" name="test_denver_nuggets_franchise_verifiy_team" time="11.238"></testcase><testcase classname="test_Denver_Nuggets_Page.TestDenverNuggetsPage" file="test_Denver_Nuggets_Page.py" line="28" name="test_denver_nuggets_roster_players_stats" time="82.892"></testcase><testcase classname="test_Denver_Nuggets_Page.TestDenverNuggetsPage" file="test_Denver_Nuggets_Page.py" line="317" name="test_denver_nuggets_salaries_sorted_players_column" time="1.532"></testcase><testcase classname="test_Denver_Nuggets_Page.TestDenverNuggetsPage" file="test_Denver_Nuggets_Page.py" line="327" name="test_denver_nuggets_salaries_sorted_players_reverse_column" time="0.603"></testcase><testcase classname="test_Denver_Nuggets_Page.TestDenverNuggetsPage" file="test_Denver_Nuggets_Page.py" line="335" name="test_denver_nuggets_salaries_sorted_age_column" time="0.470"></testcase><testcase classname="test_Denver_Nuggets_Page.TestDenverNuggetsPage" file="test_Denver_Nuggets_Page.py" line="343" name="test_denver_nuggets_salaries_sorted_age_reverse_column" time="0.352"></testcase><testcase classname="test_Denver_Nuggets_Page.TestDenverNuggetsPage" file="test_Denver_Nuggets_Page.py" line="351" name="test_denver_nuggets_salaries_sorted_eight_teen_nine_teen_column" time="0.466"></testcase><testcase classname="test_Denver_Nuggets_Page.TestDenverNuggetsPage" file="test_Denver_Nuggets_Page.py" line="359" name="test_denver_nuggets_salaries_sorted_eight_teen_nine_teen_reverse_column" time="0.359"></testcase><testcase classname="test_Denver_Nuggets_Page.TestDenverNuggetsPage" file="test_Denver_Nuggets_Page.py" line="367" name="test_denver_nuggets_salaries_sorted_nine_teen_twenty_column" time="0.467"></testcase><testcase classname="test_Denver_Nuggets_Page.TestDenverNuggetsPage" file="test_Denver_Nuggets_Page.py" line="375" name="test_denver_nuggets_salaries_sorted_nine_teen_twenty_reverse_column" time="0.376"></testcase><testcase classname="test_Denver_Nuggets_Page.TestDenverNuggetsPage" file="test_Denver_Nuggets_Page.py" line="383" name="test_denver_nuggets_salaries_sorted_twenty_twenty_one_column" time="0.451"></testcase><testcase classname="test_Denver_Nuggets_Page.TestDenverNuggetsPage" file="test_Denver_Nuggets_Page.py" line="391" name="test_denver_nuggets_salaries_sorted_twenty_twenty_one_reverse_column" time="0.372"></testcase><testcase classname="test_Denver_Nuggets_Page.TestDenverNuggetsPage" file="test_Denver_Nuggets_Page.py" line="399" name="test_denver_nuggets_salaries_sorted_twenty_one_twenty_two_column" time="0.459"></testcase><testcase classname="test_Denver_Nuggets_Page.TestDenverNuggetsPage" file="test_Denver_Nuggets_Page.py" line="409" name="test_denver_nuggets_salaries_sorted_twenty_one_twenty_two_reverse_column" time="0.377"></testcase><testcase classname="test_Denver_Nuggets_Page.TestDenverNuggetsPage" file="test_Denver_Nuggets_Page.py" line="418" name="test_denver_nuggets_salaries_sorted_twenty_two_twenty_three_column" time="0.483"></testcase><testcase classname="test_Denver_Nuggets_Page.TestDenverNuggetsPage" file="test_Denver_Nuggets_Page.py" line="428" name="test_denver_nuggets_salaries_sorted_twenty_two_twenty_threereverse_column" time="0.337"></testcase><testcase classname="test_Denver_Nuggets_Page.TestDenverNuggetsPage" file="test_Denver_Nuggets_Page.py" line="439" name="test_denver_nuggets_salaries_sorted_guranteed_column" time="0.466"></testcase><testcase classname="test_Denver_Nuggets_Page.TestDenverNuggetsPage" file="test_Denver_Nuggets_Page.py" line="447" name="test_denver_nuggets_salaries_sorted_guranteed_reverse_column" time="0.358"></testcase><testcase classname="test_Denver_Nuggets_Page.TestDenverNuggetsPage" file="test_Denver_Nuggets_Page.py" line="454" name="test_denver_nuggets_roster_sorted_players_column" time="8.095"></testcase><testcase classname="test_Denver_Nuggets_Page.TestDenverNuggetsPage" file="test_Denver_Nuggets_Page.py" line="467" name="test_denver_nuggets_roster_sorted_players_reverse_column" time="0.639"></testcase><testcase classname="test_Denver_Nuggets_Page.TestDenverNuggetsPage" file="test_Denver_Nuggets_Page.py" line="474" name="test_denver_nuggets_roster_sorted_position_column" time="0.534"></testcase><testcase classname="test_Denver_Nuggets_Page.TestDenverNuggetsPage" file="test_Denver_Nuggets_Page.py" line="483" name="test_denver_nuggets_roster_sorted_position_reverse_column" time="0.283"></testcase><testcase classname="test_Denver_Nuggets_Page.TestDenverNuggetsPage" file="test_Denver_Nuggets_Page.py" line="489" name="test_denver_nuggets_roster_sorted_height_column" time="0.467"></testcase><testcase classname="test_Denver_Nuggets_Page.TestDenverNuggetsPage" file="test_Denver_Nuggets_Page.py" line="496" name="test_denver_nuggets_roster_sorted_height_reverse_column" time="0.368"></testcase><testcase classname="test_Denver_Nuggets_Page.TestDenverNuggetsPage" file="test_Denver_Nuggets_Page.py" line="504" name="test_denver_nuggets_roster_sorted_weight_column" time="0.305"></testcase><testcase classname="test_Denver_Nuggets_Page.TestDenverNuggetsPage" file="test_Denver_Nuggets_Page.py" line="512" name="test_denver_nuggets_roster_sorted_weight_reverse_column" time="0.221"></testcase><testcase classname="test_Denver_Nuggets_Page.TestDenverNuggetsPage" file="test_Denver_Nuggets_Page.py" line="520" name="test_denver_nuggets_roster_sorted_dob_column" time="0.621"></testcase><testcase classname="test_Denver_Nuggets_Page.TestDenverNuggetsPage" file="test_Denver_Nuggets_Page.py" line="528" name="test_denver_nuggets_roster_sorted_dob_reverse_column" time="0.507"></testcase><testcase classname="test_Denver_Nuggets_Page.TestDenverNuggetsPage" file="test_Denver_Nuggets_Page.py" line="537" name="test_denver_nuggets_roster_sorted_experience_column" time="0.324"></testcase><testcase classname="test_Denver_Nuggets_Page.TestDenverNuggetsPage" file="test_Denver_Nuggets_Page.py" line="545" name="test_denver_nuggets_roster_sorted_experience_reverse_column" time="0.223"></testcase><testcase classname="test_Denver_Nuggets_Page.TestDenverNuggetsPage" file="test_Denver_Nuggets_Page.py" line="553" name="test_denver_nuggets_roster_sorted_college_column" time="0.481"></testcase><testcase classname="test_Denver_Nuggets_Page.TestDenverNuggetsPage" file="test_Denver_Nuggets_Page.py" line="560" name="test_denver_nuggets_roster_sorted_college_reverse_column" time="0.438"></testcase><testcase classname="test_Detroit_Pistons_Page.TestDetroitPistonsPage" file="test_Detroit_Pistons_Page.py" line="18" name="test_detroit_pistons_franchise_verifiy_team" time="11.697"></testcase><testcase classname="test_Detroit_Pistons_Page.TestDetroitPistonsPage" file="test_Detroit_Pistons_Page.py" line="28" name="test_detroit_pistons_roster_players_stats" time="90.026"></testcase><testcase classname="test_Detroit_Pistons_Page.TestDetroitPistonsPage" file="test_Detroit_Pistons_Page.py" line="317" name="test_detroit_pistons_salaries_sorted_players_column" time="1.513"></testcase><testcase classname="test_Detroit_Pistons_Page.TestDetroitPistonsPage" file="test_Detroit_Pistons_Page.py" line="327" name="test_detroit_pistons_salaries_sorted_players_reverse_column" time="0.637"></testcase><testcase classname="test_Detroit_Pistons_Page.TestDetroitPistonsPage" file="test_Detroit_Pistons_Page.py" line="335" name="test_detroit_pistons_salaries_sorted_age_column" time="0.465"></testcase><testcase classname="test_Detroit_Pistons_Page.TestDetroitPistonsPage" file="test_Detroit_Pistons_Page.py" line="343" name="test_detroit_pistons_salaries_sorted_age_reverse_column" time="0.387"></testcase><testcase classname="test_Detroit_Pistons_Page.TestDetroitPistonsPage" file="test_Detroit_Pistons_Page.py" line="351" name="test_detroit_pistons_salaries_sorted_eight_teen_nine_teen_column" time="0.475"></testcase><testcase classname="test_Detroit_Pistons_Page.TestDetroitPistonsPage" file="test_Detroit_Pistons_Page.py" line="359" name="test_detroit_pistons_salaries_sorted_eight_teen_nine_teen_reverse_column" time="0.390"></testcase><testcase classname="test_Detroit_Pistons_Page.TestDetroitPistonsPage" file="test_Detroit_Pistons_Page.py" line="367" name="test_detroit_pistons_salaries_sorted_nine_teen_twenty_column" time="0.496"></testcase><testcase classname="test_Detroit_Pistons_Page.TestDetroitPistonsPage" file="test_Detroit_Pistons_Page.py" line="375" name="test_detroit_pistons_salaries_sorted_nine_teen_twenty_reverse_column" time="0.392"></testcase><testcase classname="test_Detroit_Pistons_Page.TestDetroitPistonsPage" file="test_Detroit_Pistons_Page.py" line="383" name="test_detroit_pistons_salaries_sorted_twenty_twenty_one_column" time="0.508"></testcase><testcase classname="test_Detroit_Pistons_Page.TestDetroitPistonsPage" file="test_Detroit_Pistons_Page.py" line="391" name="test_detroit_pistons_salaries_sorted_twenty_twenty_one_reverse_column" time="0.397"></testcase><testcase classname="test_Detroit_Pistons_Page.TestDetroitPistonsPage" file="test_Detroit_Pistons_Page.py" line="399" name="test_detroit_pistons_salaries_sorted_twenty_one_twenty_two_column" time="0.502"></testcase><testcase classname="test_Detroit_Pistons_Page.TestDetroitPistonsPage" file="test_Detroit_Pistons_Page.py" line="409" name="test_detroit_pistons_salaries_sorted_twenty_one_twenty_two_reverse_column" time="0.396"></testcase><testcase classname="test_Detroit_Pistons_Page.TestDetroitPistonsPage" file="test_Detroit_Pistons_Page.py" line="418" name="test_detroit_pistons_salaries_sorted_twenty_two_twenty_three_column" time="0.502"></testcase><testcase classname="test_Detroit_Pistons_Page.TestDetroitPistonsPage" file="test_Detroit_Pistons_Page.py" line="428" name="test_detroit_pistons_salaries_sorted_twenty_two_twenty_threereverse_column" time="0.386"></testcase><testcase classname="test_Detroit_Pistons_Page.TestDetroitPistonsPage" file="test_Detroit_Pistons_Page.py" line="439" name="test_detroit_pistons_salaries_sorted_guranteed_column" time="0.476"></testcase><testcase classname="test_Detroit_Pistons_Page.TestDetroitPistonsPage" file="test_Detroit_Pistons_Page.py" line="447" name="test_detroit_pistons_salaries_sorted_guranteed_reverse_column" time="0.389"></testcase><testcase classname="test_Detroit_Pistons_Page.TestDetroitPistonsPage" file="test_Detroit_Pistons_Page.py" line="454" name="test_detroit_pistons_roster_sorted_players_column" time="7.882"></testcase><testcase classname="test_Detroit_Pistons_Page.TestDetroitPistonsPage" file="test_Detroit_Pistons_Page.py" line="466" name="test_detroit_pistons_roster_sorted_players_reverse_column" time="0.630"></testcase><testcase classname="test_Detroit_Pistons_Page.TestDetroitPistonsPage" file="test_Detroit_Pistons_Page.py" line="473" name="test_detroit_pistons_roster_sorted_position_column" time="0.521"></testcase><testcase classname="test_Detroit_Pistons_Page.TestDetroitPistonsPage" file="test_Detroit_Pistons_Page.py" line="482" name="test_detroit_pistons_roster_sorted_position_reverse_column" time="0.284"></testcase><testcase classname="test_Detroit_Pistons_Page.TestDetroitPistonsPage" file="test_Detroit_Pistons_Page.py" line="488" name="test_detroit_pistons_roster_sorted_height_column" time="0.428"></testcase><testcase classname="test_Detroit_Pistons_Page.TestDetroitPistonsPage" file="test_Detroit_Pistons_Page.py" line="495" name="test_detroit_pistons_roster_sorted_height_reverse_column" time="0.358"></testcase><testcase classname="test_Detroit_Pistons_Page.TestDetroitPistonsPage" file="test_Detroit_Pistons_Page.py" line="503" name="test_detroit_pistons_roster_sorted_weight_column" time="0.343"></testcase><testcase classname="test_Detroit_Pistons_Page.TestDetroitPistonsPage" file="test_Detroit_Pistons_Page.py" line="511" name="test_detroit_pistons_roster_sorted_weight_reverse_column" time="0.200"></testcase><testcase classname="test_Detroit_Pistons_Page.TestDetroitPistonsPage" file="test_Detroit_Pistons_Page.py" line="519" name="test_detroit_pistons_roster_sorted_dob_column" time="0.619"></testcase><testcase classname="test_Detroit_Pistons_Page.TestDetroitPistonsPage" file="test_Detroit_Pistons_Page.py" line="527" name="test_detroit_pistons_roster_sorted_dob_reverse_column" time="0.507"></testcase><testcase classname="test_Detroit_Pistons_Page.TestDetroitPistonsPage" file="test_Detroit_Pistons_Page.py" line="536" name="test_detroit_pistons_roster_sorted_experience_column" time="0.299"></testcase><testcase classname="test_Detroit_Pistons_Page.TestDetroitPistonsPage" file="test_Detroit_Pistons_Page.py" line="544" name="test_detroit_pistons_roster_sorted_experience_reverse_column" time="0.212"></testcase><testcase classname="test_Detroit_Pistons_Page.TestDetroitPistonsPage" file="test_Detroit_Pistons_Page.py" line="552" name="test_detroit_pistons_roster_sorted_college_column" time="0.448"></testcase><testcase classname="test_Detroit_Pistons_Page.TestDetroitPistonsPage" file="test_Detroit_Pistons_Page.py" line="559" name="test_detroit_pistons_roster_sorted_college_reverse_column" time="4.662"></testcase><testcase classname="test_Golden_State_Warriors_Page.TestGoldenStateWarriorsPage" file="test_Golden_State_Warriors_Page.py" line="18" name="test_golden_state_warriors_franchise_verifiy_team" time="10.767"></testcase><testcase classname="test_Golden_State_Warriors_Page.TestGoldenStateWarriorsPage" file="test_Golden_State_Warriors_Page.py" line="28" name="test_golden_state_warriors_roster_players_stats" time="97.857"></testcase><testcase classname="test_Golden_State_Warriors_Page.TestGoldenStateWarriorsPage" file="test_Golden_State_Warriors_Page.py" line="317" name="test_golden_state_warriors_salaries_sorted_players_column" time="1.715"></testcase><testcase classname="test_Golden_State_Warriors_Page.TestGoldenStateWarriorsPage" file="test_Golden_State_Warriors_Page.py" line="327" name="test_golden_state_warriors_salaries_sorted_players_reverse_column" time="0.800"></testcase><testcase classname="test_Golden_State_Warriors_Page.TestGoldenStateWarriorsPage" file="test_Golden_State_Warriors_Page.py" line="335" name="test_golden_state_warriors_salaries_sorted_age_column" time="0.595"></testcase><testcase classname="test_Golden_State_Warriors_Page.TestGoldenStateWarriorsPage" file="test_Golden_State_Warriors_Page.py" line="343" name="test_golden_state_warriors_salaries_sorted_age_reverse_column" time="0.490"></testcase><testcase classname="test_Golden_State_Warriors_Page.TestGoldenStateWarriorsPage" file="test_Golden_State_Warriors_Page.py" line="351" name="test_golden_state_warriors_salaries_sorted_eight_teen_nine_teen_column" time="0.597"></testcase><testcase classname="test_Golden_State_Warriors_Page.TestGoldenStateWarriorsPage" file="test_Golden_State_Warriors_Page.py" line="359" name="test_golden_state_warriors_salaries_sorted_eight_teen_nine_teen_reverse_column" time="0.536"></testcase><testcase classname="test_Golden_State_Warriors_Page.TestGoldenStateWarriorsPage" file="test_Golden_State_Warriors_Page.py" line="367" name="test_golden_state_warriors_salaries_sorted_nine_teen_twenty_column" time="0.605"></testcase><testcase classname="test_Golden_State_Warriors_Page.TestGoldenStateWarriorsPage" file="test_Golden_State_Warriors_Page.py" line="375" name="test_golden_state_warriors_salaries_sorted_nine_teen_twenty_reverse_column" time="0.515"></testcase><testcase classname="test_Golden_State_Warriors_Page.TestGoldenStateWarriorsPage" file="test_Golden_State_Warriors_Page.py" line="383" name="test_golden_state_warriors_salaries_sorted_twenty_twenty_one_column" time="0.611"></testcase><testcase classname="test_Golden_State_Warriors_Page.TestGoldenStateWarriorsPage" file="test_Golden_State_Warriors_Page.py" line="391" name="test_golden_state_warriors_salaries_sorted_twenty_twenty_one_reverse_column" time="0.553"></testcase><testcase classname="test_Golden_State_Warriors_Page.TestGoldenStateWarriorsPage" file="test_Golden_State_Warriors_Page.py" line="399" name="test_golden_state_warriors_salaries_sorted_twenty_one_twenty_two_column" time="0.640"></testcase><testcase classname="test_Golden_State_Warriors_Page.TestGoldenStateWarriorsPage" file="test_Golden_State_Warriors_Page.py" line="409" name="test_golden_state_warriors_salaries_sorted_twenty_one_twenty_two_reverse_column" time="0.533"></testcase><testcase classname="test_Golden_State_Warriors_Page.TestGoldenStateWarriorsPage" file="test_Golden_State_Warriors_Page.py" line="418" name="test_golden_state_warriors_salaries_sorted_twenty_two_twenty_three_column" time="0.623"></testcase><testcase classname="test_Golden_State_Warriors_Page.TestGoldenStateWarriorsPage" file="test_Golden_State_Warriors_Page.py" line="428" name="test_golden_state_warriors_salaries_sorted_twenty_two_twenty_threereverse_column" time="0.531"></testcase><testcase classname="test_Golden_State_Warriors_Page.TestGoldenStateWarriorsPage" file="test_Golden_State_Warriors_Page.py" line="439" name="test_golden_state_warriors_salaries_sorted_guranteed_column" time="0.627"></testcase><testcase classname="test_Golden_State_Warriors_Page.TestGoldenStateWarriorsPage" file="test_Golden_State_Warriors_Page.py" line="447" name="test_golden_state_warriors_salaries_sorted_guranteed_reverse_column" time="0.541"></testcase><testcase classname="test_Golden_State_Warriors_Page.TestGoldenStateWarriorsPage" file="test_Golden_State_Warriors_Page.py" line="454" name="test_golden_state_warriors_roster_sorted_players_column" time="8.202"></testcase><testcase classname="test_Golden_State_Warriors_Page.TestGoldenStateWarriorsPage" file="test_Golden_State_Warriors_Page.py" line="467" name="test_golden_state_warriors_roster_sorted_players_reverse_column" time="0.892"></testcase><testcase classname="test_Golden_State_Warriors_Page.TestGoldenStateWarriorsPage" file="test_Golden_State_Warriors_Page.py" line="474" name="test_golden_state_warriors_roster_sorted_position_column" time="0.628"></testcase><testcase classname="test_Golden_State_Warriors_Page.TestGoldenStateWarriorsPage" file="test_Golden_State_Warriors_Page.py" line="483" name="test_golden_state_warriors_roster_sorted_position_reverse_column" time="0.443"></testcase><testcase classname="test_Golden_State_Warriors_Page.TestGoldenStateWarriorsPage" file="test_Golden_State_Warriors_Page.py" line="489" name="test_golden_state_warriors_roster_sorted_height_column" time="0.570"></testcase><testcase classname="test_Golden_State_Warriors_Page.TestGoldenStateWarriorsPage" file="test_Golden_State_Warriors_Page.py" line="496" name="test_golden_state_warriors_roster_sorted_height_reverse_column" time="0.498"></testcase><testcase classname="test_Golden_State_Warriors_Page.TestGoldenStateWarriorsPage" file="test_Golden_State_Warriors_Page.py" line="504" name="test_golden_state_warriors_roster_sorted_weight_column" time="0.372"></testcase><testcase classname="test_Golden_State_Warriors_Page.TestGoldenStateWarriorsPage" file="test_Golden_State_Warriors_Page.py" line="512" name="test_golden_state_warriors_roster_sorted_weight_reverse_column" time="0.279"></testcase><testcase classname="test_Golden_State_Warriors_Page.TestGoldenStateWarriorsPage" file="test_Golden_State_Warriors_Page.py" line="520" name="test_golden_state_warriors_roster_sorted_dob_column" time="0.820"></testcase><testcase classname="test_Golden_State_Warriors_Page.TestGoldenStateWarriorsPage" file="test_Golden_State_Warriors_Page.py" line="528" name="test_golden_state_warriors_roster_sorted_dob_reverse_column" time="0.642"></testcase><testcase classname="test_Golden_State_Warriors_Page.TestGoldenStateWarriorsPage" file="test_Golden_State_Warriors_Page.py" line="537" name="test_golden_state_warriors_roster_sorted_experience_column" time="0.356"></testcase><testcase classname="test_Golden_State_Warriors_Page.TestGoldenStateWarriorsPage" file="test_Golden_State_Warriors_Page.py" line="545" name="test_golden_state_warriors_roster_sorted_experience_reverse_column" time="0.195"></testcase><testcase classname="test_Golden_State_Warriors_Page.TestGoldenStateWarriorsPage" file="test_Golden_State_Warriors_Page.py" line="553" name="test_golden_state_warriors_roster_sorted_college_column" time="0.490"></testcase><testcase classname="test_Golden_State_Warriors_Page.TestGoldenStateWarriorsPage" file="test_Golden_State_Warriors_Page.py" line="560" name="test_golden_state_warriors_roster_sorted_college_reverse_column" time="4.662"></testcase><testcase classname="test_Houston_Rockets_Page.TestHoustonRocketsPage" file="test_Houston_Rockets_Page.py" line="18" name="test_houston_rockets_franchise_verifiy_team" time="8.918"></testcase><testcase classname="test_Houston_Rockets_Page.TestHoustonRocketsPage" file="test_Houston_Rockets_Page.py" line="28" name="test_houston_rockets_roster_players_stats" time="88.405"></testcase><testcase classname="test_Houston_Rockets_Page.TestHoustonRocketsPage" file="test_Houston_Rockets_Page.py" line="317" name="test_houston_rockets_salaries_sorted_players_column" time="3.046"></testcase><testcase classname="test_Houston_Rockets_Page.TestHoustonRocketsPage" file="test_Houston_Rockets_Page.py" line="327" name="test_houston_rockets_salaries_sorted_players_reverse_column" time="0.599"></testcase><testcase classname="test_Houston_Rockets_Page.TestHoustonRocketsPage" file="test_Houston_Rockets_Page.py" line="335" name="test_houston_rockets_salaries_sorted_age_column" time="0.454"></testcase><testcase classname="test_Houston_Rockets_Page.TestHoustonRocketsPage" file="test_Houston_Rockets_Page.py" line="343" name="test_houston_rockets_salaries_sorted_age_reverse_column" time="0.375"></testcase><testcase classname="test_Houston_Rockets_Page.TestHoustonRocketsPage" file="test_Houston_Rockets_Page.py" line="351" name="test_houston_rockets_salaries_sorted_eight_teen_nine_teen_column" time="0.460"></testcase><testcase classname="test_Houston_Rockets_Page.TestHoustonRocketsPage" file="test_Houston_Rockets_Page.py" line="359" name="test_houston_rockets_salaries_sorted_eight_teen_nine_teen_reverse_column" time="0.361"></testcase><testcase classname="test_Houston_Rockets_Page.TestHoustonRocketsPage" file="test_Houston_Rockets_Page.py" line="367" name="test_houston_rockets_salaries_sorted_nine_teen_twenty_column" time="0.472"></testcase><testcase classname="test_Houston_Rockets_Page.TestHoustonRocketsPage" file="test_Houston_Rockets_Page.py" line="375" name="test_houston_rockets_salaries_sorted_nine_teen_twenty_reverse_column" time="0.321"></testcase><testcase classname="test_Houston_Rockets_Page.TestHoustonRocketsPage" file="test_Houston_Rockets_Page.py" line="383" name="test_houston_rockets_salaries_sorted_twenty_twenty_one_column" time="0.416"></testcase><testcase classname="test_Houston_Rockets_Page.TestHoustonRocketsPage" file="test_Houston_Rockets_Page.py" line="391" name="test_houston_rockets_salaries_sorted_twenty_twenty_one_reverse_column" time="0.341"></testcase><testcase classname="test_Houston_Rockets_Page.TestHoustonRocketsPage" file="test_Houston_Rockets_Page.py" line="399" name="test_houston_rockets_salaries_sorted_twenty_one_twenty_two_column" time="0.418"></testcase><testcase classname="test_Houston_Rockets_Page.TestHoustonRocketsPage" file="test_Houston_Rockets_Page.py" line="409" name="test_houston_rockets_salaries_sorted_twenty_one_twenty_two_reverse_column" time="0.329"></testcase><testcase classname="test_Houston_Rockets_Page.TestHoustonRocketsPage" file="test_Houston_Rockets_Page.py" line="418" name="test_houston_rockets_salaries_sorted_twenty_two_twenty_three_column" time="0.444"></testcase><testcase classname="test_Houston_Rockets_Page.TestHoustonRocketsPage" file="test_Houston_Rockets_Page.py" line="428" name="test_houston_rockets_salaries_sorted_twenty_two_twenty_threereverse_column" time="0.326"></testcase><testcase classname="test_Houston_Rockets_Page.TestHoustonRocketsPage" file="test_Houston_Rockets_Page.py" line="439" name="test_houston_rockets_salaries_sorted_guranteed_column" time="0.426"></testcase><testcase classname="test_Houston_Rockets_Page.TestHoustonRocketsPage" file="test_Houston_Rockets_Page.py" line="447" name="test_houston_rockets_salaries_sorted_guranteed_reverse_column" time="0.359"></testcase><testcase classname="test_Houston_Rockets_Page.TestHoustonRocketsPage" file="test_Houston_Rockets_Page.py" line="454" name="test_houston_rockets_roster_sorted_players_column" time="7.825"></testcase><testcase classname="test_Houston_Rockets_Page.TestHoustonRocketsPage" file="test_Houston_Rockets_Page.py" line="467" name="test_houston_rockets_roster_sorted_players_reverse_column" time="0.593"></testcase><testcase classname="test_Houston_Rockets_Page.TestHoustonRocketsPage" file="test_Houston_Rockets_Page.py" line="474" name="test_houston_rockets_roster_sorted_position_column" time="0.487"></testcase><testcase classname="test_Houston_Rockets_Page.TestHoustonRocketsPage" file="test_Houston_Rockets_Page.py" line="483" name="test_houston_rockets_roster_sorted_position_reverse_column" time="0.251"></testcase><testcase classname="test_Houston_Rockets_Page.TestHoustonRocketsPage" file="test_Houston_Rockets_Page.py" line="489" name="test_houston_rockets_roster_sorted_height_column" time="0.420"></testcase><testcase classname="test_Houston_Rockets_Page.TestHoustonRocketsPage" file="test_Houston_Rockets_Page.py" line="496" name="test_houston_rockets_roster_sorted_height_reverse_column" time="0.324"></testcase><testcase classname="test_Houston_Rockets_Page.TestHoustonRocketsPage" file="test_Houston_Rockets_Page.py" line="504" name="test_houston_rockets_roster_sorted_weight_column" time="0.281"></testcase><testcase classname="test_Houston_Rockets_Page.TestHoustonRocketsPage" file="test_Houston_Rockets_Page.py" line="512" name="test_houston_rockets_roster_sorted_weight_reverse_column" time="0.219"></testcase><testcase classname="test_Houston_Rockets_Page.TestHoustonRocketsPage" file="test_Houston_Rockets_Page.py" line="520" name="test_houston_rockets_roster_sorted_dob_column" time="0.538"></testcase><testcase classname="test_Houston_Rockets_Page.TestHoustonRocketsPage" file="test_Houston_Rockets_Page.py" line="528" name="test_houston_rockets_roster_sorted_dob_reverse_column" time="0.484"></testcase><testcase classname="test_Houston_Rockets_Page.TestHoustonRocketsPage" file="test_Houston_Rockets_Page.py" line="537" name="test_houston_rockets_roster_sorted_experience_column" time="0.274"></testcase><testcase classname="test_Houston_Rockets_Page.TestHoustonRocketsPage" file="test_Houston_Rockets_Page.py" line="545" name="test_houston_rockets_roster_sorted_experience_reverse_column" time="0.192"></testcase><testcase classname="test_Houston_Rockets_Page.TestHoustonRocketsPage" file="test_Houston_Rockets_Page.py" line="553" name="test_houston_rockets_roster_sorted_college_column" time="0.413"></testcase><testcase classname="test_Houston_Rockets_Page.TestHoustonRocketsPage" file="test_Houston_Rockets_Page.py" line="560" name="test_houston_rockets_roster_sorted_college_reverse_column" time="0.422"></testcase><testcase classname="test_Indiana_Pacers_Page.TestIndianaPacersPage" file="test_Indiana_Pacers_Page.py" line="18" name="test_indiana_pacers_franchise_verifiy_team" time="43.784"></testcase><testcase classname="test_Indiana_Pacers_Page.TestIndianaPacersPage" file="test_Indiana_Pacers_Page.py" line="28" name="test_indiana_pacers_roster_players_stats" time="85.797"></testcase><testcase classname="test_Indiana_Pacers_Page.TestIndianaPacersPage" file="test_Indiana_Pacers_Page.py" line="317" name="test_indiana_pacers_salaries_sorted_players_column" time="1.597"></testcase><testcase classname="test_Indiana_Pacers_Page.TestIndianaPacersPage" file="test_Indiana_Pacers_Page.py" line="327" name="test_indiana_pacers_salaries_sorted_players_reverse_column" time="0.625"></testcase><testcase classname="test_Indiana_Pacers_Page.TestIndianaPacersPage" file="test_Indiana_Pacers_Page.py" line="335" name="test_indiana_pacers_salaries_sorted_age_column" time="0.487"></testcase><testcase classname="test_Indiana_Pacers_Page.TestIndianaPacersPage" file="test_Indiana_Pacers_Page.py" line="343" name="test_indiana_pacers_salaries_sorted_age_reverse_column" time="0.350"></testcase><testcase classname="test_Indiana_Pacers_Page.TestIndianaPacersPage" file="test_Indiana_Pacers_Page.py" line="351" name="test_indiana_pacers_salaries_sorted_eight_teen_nine_teen_column" time="0.486"></testcase><testcase classname="test_Indiana_Pacers_Page.TestIndianaPacersPage" file="test_Indiana_Pacers_Page.py" line="359" name="test_indiana_pacers_salaries_sorted_eight_teen_nine_teen_reverse_column" time="0.385"></testcase><testcase classname="test_Indiana_Pacers_Page.TestIndianaPacersPage" file="test_Indiana_Pacers_Page.py" line="367" name="test_indiana_pacers_salaries_sorted_nine_teen_twenty_column" time="0.492"></testcase><testcase classname="test_Indiana_Pacers_Page.TestIndianaPacersPage" file="test_Indiana_Pacers_Page.py" line="375" name="test_indiana_pacers_salaries_sorted_nine_teen_twenty_reverse_column" time="0.352"></testcase><testcase classname="test_Indiana_Pacers_Page.TestIndianaPacersPage" file="test_Indiana_Pacers_Page.py" line="383" name="test_indiana_pacers_salaries_sorted_twenty_twenty_one_column" time="0.487"></testcase><testcase classname="test_Indiana_Pacers_Page.TestIndianaPacersPage" file="test_Indiana_Pacers_Page.py" line="391" name="test_indiana_pacers_salaries_sorted_twenty_twenty_one_reverse_column" time="0.400"></testcase><testcase classname="test_Indiana_Pacers_Page.TestIndianaPacersPage" file="test_Indiana_Pacers_Page.py" line="399" name="test_indiana_pacers_salaries_sorted_twenty_one_twenty_two_column" time="0.477"></testcase><testcase classname="test_Indiana_Pacers_Page.TestIndianaPacersPage" file="test_Indiana_Pacers_Page.py" line="409" name="test_indiana_pacers_salaries_sorted_twenty_one_twenty_two_reverse_column" time="0.390"></testcase><testcase classname="test_Indiana_Pacers_Page.TestIndianaPacersPage" file="test_Indiana_Pacers_Page.py" line="418" name="test_indiana_pacers_salaries_sorted_twenty_two_twenty_three_column" time="0.471"></testcase><testcase classname="test_Indiana_Pacers_Page.TestIndianaPacersPage" file="test_Indiana_Pacers_Page.py" line="428" name="test_indiana_pacers_salaries_sorted_twenty_two_twenty_threereverse_column" time="0.397"></testcase><testcase classname="test_Indiana_Pacers_Page.TestIndianaPacersPage" file="test_Indiana_Pacers_Page.py" line="439" name="test_indiana_pacers_salaries_sorted_guranteed_column" time="0.536"></testcase><testcase classname="test_Indiana_Pacers_Page.TestIndianaPacersPage" file="test_Indiana_Pacers_Page.py" line="447" name="test_indiana_pacers_salaries_sorted_guranteed_reverse_column" time="0.418"></testcase><testcase classname="test_Indiana_Pacers_Page.TestIndianaPacersPage" file="test_Indiana_Pacers_Page.py" line="454" name="test_indiana_pacers_roster_sorted_players_column" time="8.064"></testcase><testcase classname="test_Indiana_Pacers_Page.TestIndianaPacersPage" file="test_Indiana_Pacers_Page.py" line="466" name="test_indiana_pacers_roster_sorted_players_reverse_column" time="0.678"></testcase><testcase classname="test_Indiana_Pacers_Page.TestIndianaPacersPage" file="test_Indiana_Pacers_Page.py" line="473" name="test_indiana_pacers_roster_sorted_position_column" time="0.502"></testcase><testcase classname="test_Indiana_Pacers_Page.TestIndianaPacersPage" file="test_Indiana_Pacers_Page.py" line="482" name="test_indiana_pacers_roster_sorted_position_reverse_column" time="0.269"></testcase><testcase classname="test_Indiana_Pacers_Page.TestIndianaPacersPage" file="test_Indiana_Pacers_Page.py" line="488" name="test_indiana_pacers_roster_sorted_height_column" time="0.457"></testcase><testcase classname="test_Indiana_Pacers_Page.TestIndianaPacersPage" file="test_Indiana_Pacers_Page.py" line="495" name="test_indiana_pacers_roster_sorted_height_reverse_column" time="0.351"></testcase><testcase classname="test_Indiana_Pacers_Page.TestIndianaPacersPage" file="test_Indiana_Pacers_Page.py" line="503" name="test_indiana_pacers_roster_sorted_weight_column" time="0.333"></testcase><testcase classname="test_Indiana_Pacers_Page.TestIndianaPacersPage" file="test_Indiana_Pacers_Page.py" line="511" name="test_indiana_pacers_roster_sorted_weight_reverse_column" time="0.233"></testcase><testcase classname="test_Indiana_Pacers_Page.TestIndianaPacersPage" file="test_Indiana_Pacers_Page.py" line="519" name="test_indiana_pacers_roster_sorted_dob_column" time="0.605"></testcase><testcase classname="test_Indiana_Pacers_Page.TestIndianaPacersPage" file="test_Indiana_Pacers_Page.py" line="527" name="test_indiana_pacers_roster_sorted_dob_reverse_column" time="0.532"></testcase><testcase classname="test_Indiana_Pacers_Page.TestIndianaPacersPage" file="test_Indiana_Pacers_Page.py" line="536" name="test_indiana_pacers_roster_sorted_experience_column" time="0.303"></testcase><testcase classname="test_Indiana_Pacers_Page.TestIndianaPacersPage" file="test_Indiana_Pacers_Page.py" line="544" name="test_indiana_pacers_roster_sorted_experience_reverse_column" time="0.204"></testcase><testcase classname="test_Indiana_Pacers_Page.TestIndianaPacersPage" file="test_Indiana_Pacers_Page.py" line="552" name="test_indiana_pacers_roster_sorted_college_column" time="0.454"></testcase><te
[...]
antonio_spurs_roster_sorted_experience_reverse_column" time="0.215"></testcase><testcase classname="test_San_Antonio_Spurs_Page.TestSanAntonioSpursPage" file="test_San_Antonio_Spurs_Page.py" line="553" name="test_san_antonio_spurs_roster_sorted_college_column" time="0.463"></testcase><testcase classname="test_San_Antonio_Spurs_Page.TestSanAntonioSpursPage" file="test_San_Antonio_Spurs_Page.py" line="560" name="test_san_antonio_spurs_roster_sorted_college_reverse_column" time="4.687"></testcase><testcase classname="test_Toronto_Raptors_Page.TestTorontoRaptorsPage" file="test_Toronto_Raptors_Page.py" line="18" name="test_toronto_raptors_franchise_verifiy_team" time="8.078"></testcase><testcase classname="test_Toronto_Raptors_Page.TestTorontoRaptorsPage" file="test_Toronto_Raptors_Page.py" line="28" name="test_toronto_raptors_roster_players_stats" time="98.971"></testcase><testcase classname="test_Toronto_Raptors_Page.TestTorontoRaptorsPage" file="test_Toronto_Raptors_Page.py" line="317" name="test_toronto_raptors_salaries_sorted_players_column" time="1.457"></testcase><testcase classname="test_Toronto_Raptors_Page.TestTorontoRaptorsPage" file="test_Toronto_Raptors_Page.py" line="327" name="test_toronto_raptors_salaries_sorted_players_reverse_column" time="0.530"></testcase><testcase classname="test_Toronto_Raptors_Page.TestTorontoRaptorsPage" file="test_Toronto_Raptors_Page.py" line="335" name="test_toronto_raptors_salaries_sorted_age_column" time="0.433"></testcase><testcase classname="test_Toronto_Raptors_Page.TestTorontoRaptorsPage" file="test_Toronto_Raptors_Page.py" line="343" name="test_toronto_raptors_salaries_sorted_age_reverse_column" time="0.357"></testcase><testcase classname="test_Toronto_Raptors_Page.TestTorontoRaptorsPage" file="test_Toronto_Raptors_Page.py" line="351" name="test_toronto_raptors_salaries_sorted_eight_teen_nine_teen_column" time="0.420"></testcase><testcase classname="test_Toronto_Raptors_Page.TestTorontoRaptorsPage" file="test_Toronto_Raptors_Page.py" line="359" name="test_toronto_raptors_salaries_sorted_eight_teen_nine_teen_reverse_column" time="0.357"></testcase><testcase classname="test_Toronto_Raptors_Page.TestTorontoRaptorsPage" file="test_Toronto_Raptors_Page.py" line="367" name="test_toronto_raptors_salaries_sorted_nine_teen_twenty_column" time="0.430"></testcase><testcase classname="test_Toronto_Raptors_Page.TestTorontoRaptorsPage" file="test_Toronto_Raptors_Page.py" line="375" name="test_toronto_raptors_salaries_sorted_nine_teen_twenty_reverse_column" time="0.334"></testcase><testcase classname="test_Toronto_Raptors_Page.TestTorontoRaptorsPage" file="test_Toronto_Raptors_Page.py" line="383" name="test_toronto_raptors_salaries_sorted_twenty_twenty_one_column" time="0.446"></testcase><testcase classname="test_Toronto_Raptors_Page.TestTorontoRaptorsPage" file="test_Toronto_Raptors_Page.py" line="391" name="test_toronto_raptors_salaries_sorted_twenty_twenty_one_reverse_column" time="0.358"></testcase><testcase classname="test_Toronto_Raptors_Page.TestTorontoRaptorsPage" file="test_Toronto_Raptors_Page.py" line="399" name="test_toronto_raptors_salaries_sorted_twenty_one_twenty_two_column" time="0.432"></testcase><testcase classname="test_Toronto_Raptors_Page.TestTorontoRaptorsPage" file="test_Toronto_Raptors_Page.py" line="409" name="test_toronto_raptors_salaries_sorted_twenty_one_twenty_two_reverse_column" time="0.351"></testcase><testcase classname="test_Toronto_Raptors_Page.TestTorontoRaptorsPage" file="test_Toronto_Raptors_Page.py" line="418" name="test_toronto_raptors_salaries_sorted_twenty_two_twenty_three_column" time="0.427"></testcase><testcase classname="test_Toronto_Raptors_Page.TestTorontoRaptorsPage" file="test_Toronto_Raptors_Page.py" line="428" name="test_toronto_raptors_salaries_sorted_twenty_two_twenty_threereverse_column" time="0.373"></testcase><testcase classname="test_Toronto_Raptors_Page.TestTorontoRaptorsPage" file="test_Toronto_Raptors_Page.py" line="439" name="test_toronto_raptors_salaries_sorted_guranteed_column" time="0.456"></testcase><testcase classname="test_Toronto_Raptors_Page.TestTorontoRaptorsPage" file="test_Toronto_Raptors_Page.py" line="447" name="test_toronto_raptors_salaries_sorted_guranteed_reverse_column" time="0.339"></testcase><testcase classname="test_Toronto_Raptors_Page.TestTorontoRaptorsPage" file="test_Toronto_Raptors_Page.py" line="454" name="test_toronto_raptors_roster_sorted_players_column" time="7.877"></testcase><testcase classname="test_Toronto_Raptors_Page.TestTorontoRaptorsPage" file="test_Toronto_Raptors_Page.py" line="467" name="test_toronto_raptors_roster_sorted_players_reverse_column" time="0.568"></testcase><testcase classname="test_Toronto_Raptors_Page.TestTorontoRaptorsPage" file="test_Toronto_Raptors_Page.py" line="474" name="test_toronto_raptors_roster_sorted_position_column" time="0.474"></testcase><testcase classname="test_Toronto_Raptors_Page.TestTorontoRaptorsPage" file="test_Toronto_Raptors_Page.py" line="483" name="test_toronto_raptors_roster_sorted_position_reverse_column" time="0.232"></testcase><testcase classname="test_Toronto_Raptors_Page.TestTorontoRaptorsPage" file="test_Toronto_Raptors_Page.py" line="489" name="test_toronto_raptors_roster_sorted_height_column" time="0.382"></testcase><testcase classname="test_Toronto_Raptors_Page.TestTorontoRaptorsPage" file="test_Toronto_Raptors_Page.py" line="496" name="test_toronto_raptors_roster_sorted_height_reverse_column" time="0.346"></testcase><testcase classname="test_Toronto_Raptors_Page.TestTorontoRaptorsPage" file="test_Toronto_Raptors_Page.py" line="504" name="test_toronto_raptors_roster_sorted_weight_column" time="0.290"></testcase><testcase classname="test_Toronto_Raptors_Page.TestTorontoRaptorsPage" file="test_Toronto_Raptors_Page.py" line="512" name="test_toronto_raptors_roster_sorted_weight_reverse_column" time="0.193"></testcase><testcase classname="test_Toronto_Raptors_Page.TestTorontoRaptorsPage" file="test_Toronto_Raptors_Page.py" line="520" name="test_toronto_raptors_roster_sorted_dob_column" time="0.514"></testcase><testcase classname="test_Toronto_Raptors_Page.TestTorontoRaptorsPage" file="test_Toronto_Raptors_Page.py" line="528" name="test_toronto_raptors_roster_sorted_dob_reverse_column" time="0.450"></testcase><testcase classname="test_Toronto_Raptors_Page.TestTorontoRaptorsPage" file="test_Toronto_Raptors_Page.py" line="537" name="test_toronto_raptors_roster_sorted_experience_column" time="0.270"></testcase><testcase classname="test_Toronto_Raptors_Page.TestTorontoRaptorsPage" file="test_Toronto_Raptors_Page.py" line="545" name="test_toronto_raptors_roster_sorted_experience_reverse_column" time="0.188"></testcase><testcase classname="test_Toronto_Raptors_Page.TestTorontoRaptorsPage" file="test_Toronto_Raptors_Page.py" line="553" name="test_toronto_raptors_roster_sorted_college_column" time="0.421"></testcase><testcase classname="test_Toronto_Raptors_Page.TestTorontoRaptorsPage" file="test_Toronto_Raptors_Page.py" line="560" name="test_toronto_raptors_roster_sorted_college_reverse_column" time="4.624"></testcase><testcase classname="test_Utah_Jazz_Page.TestUtahJazzPage" file="test_Utah_Jazz_Page.py" line="18" name="test_utah_jazz_franchise_verifiy_team" time="8.527"></testcase><testcase classname="test_Utah_Jazz_Page.TestUtahJazzPage" file="test_Utah_Jazz_Page.py" line="28" name="test_utah_jazz_roster_players_stats" time="98.137"></testcase><testcase classname="test_Utah_Jazz_Page.TestUtahJazzPage" file="test_Utah_Jazz_Page.py" line="317" name="test_utah_jazz_salaries_sorted_players_column" time="1.473"></testcase><testcase classname="test_Utah_Jazz_Page.TestUtahJazzPage" file="test_Utah_Jazz_Page.py" line="327" name="test_utah_jazz_salaries_sorted_players_reverse_column" time="0.590"></testcase><testcase classname="test_Utah_Jazz_Page.TestUtahJazzPage" file="test_Utah_Jazz_Page.py" line="335" name="test_utah_jazz_salaries_sorted_age_column" time="0.442"></testcase><testcase classname="test_Utah_Jazz_Page.TestUtahJazzPage" file="test_Utah_Jazz_Page.py" line="343" name="test_utah_jazz_salaries_sorted_age_reverse_column" time="0.352"></testcase><testcase classname="test_Utah_Jazz_Page.TestUtahJazzPage" file="test_Utah_Jazz_Page.py" line="351" name="test_utah_jazz_salaries_sorted_eight_teen_nine_teen_column" time="0.461"></testcase><testcase classname="test_Utah_Jazz_Page.TestUtahJazzPage" file="test_Utah_Jazz_Page.py" line="359" name="test_utah_jazz_salaries_sorted_eight_teen_nine_teen_reverse_column" time="0.361"></testcase><testcase classname="test_Utah_Jazz_Page.TestUtahJazzPage" file="test_Utah_Jazz_Page.py" line="367" name="test_utah_jazz_salaries_sorted_nine_teen_twenty_column" time="0.476"></testcase><testcase classname="test_Utah_Jazz_Page.TestUtahJazzPage" file="test_Utah_Jazz_Page.py" line="375" name="test_utah_jazz_salaries_sorted_nine_teen_twenty_reverse_column" time="0.343"></testcase><testcase classname="test_Utah_Jazz_Page.TestUtahJazzPage" file="test_Utah_Jazz_Page.py" line="383" name="test_utah_jazz_salaries_sorted_twenty_twenty_one_column" time="0.442"></testcase><testcase classname="test_Utah_Jazz_Page.TestUtahJazzPage" file="test_Utah_Jazz_Page.py" line="391" name="test_utah_jazz_salaries_sorted_twenty_twenty_one_reverse_column" time="0.389"></testcase><testcase classname="test_Utah_Jazz_Page.TestUtahJazzPage" file="test_Utah_Jazz_Page.py" line="399" name="test_utah_jazz_salaries_sorted_twenty_one_twenty_two_column" time="0.440"></testcase><testcase classname="test_Utah_Jazz_Page.TestUtahJazzPage" file="test_Utah_Jazz_Page.py" line="409" name="test_utah_jazz_salaries_sorted_twenty_one_twenty_two_reverse_column" time="0.381"></testcase><testcase classname="test_Utah_Jazz_Page.TestUtahJazzPage" file="test_Utah_Jazz_Page.py" line="418" name="test_utah_jazz_salaries_sorted_twenty_two_twenty_three_column" time="0.453"></testcase><testcase classname="test_Utah_Jazz_Page.TestUtahJazzPage" file="test_Utah_Jazz_Page.py" line="428" name="test_utah_jazz_salaries_sorted_twenty_two_twenty_threereverse_column" time="0.370"></testcase><testcase classname="test_Utah_Jazz_Page.TestUtahJazzPage" file="test_Utah_Jazz_Page.py" line="439" name="test_utah_jazz_salaries_sorted_guranteed_column" time="0.478"></testcase><testcase classname="test_Utah_Jazz_Page.TestUtahJazzPage" file="test_Utah_Jazz_Page.py" line="447" name="test_utah_jazz_salaries_sorted_guranteed_reverse_column" time="0.379"></testcase><testcase classname="test_Utah_Jazz_Page.TestUtahJazzPage" file="test_Utah_Jazz_Page.py" line="454" name="test_utah_jazz_roster_sorted_players_column" time="7.954"></testcase><testcase classname="test_Utah_Jazz_Page.TestUtahJazzPage" file="test_Utah_Jazz_Page.py" line="467" name="test_utah_jazz_roster_sorted_players_reverse_column" time="0.639"></testcase><testcase classname="test_Utah_Jazz_Page.TestUtahJazzPage" file="test_Utah_Jazz_Page.py" line="474" name="test_utah_jazz_roster_sorted_position_column" time="0.542"></testcase><testcase classname="test_Utah_Jazz_Page.TestUtahJazzPage" file="test_Utah_Jazz_Page.py" line="483" name="test_utah_jazz_roster_sorted_position_reverse_column" time="0.276"></testcase><testcase classname="test_Utah_Jazz_Page.TestUtahJazzPage" file="test_Utah_Jazz_Page.py" line="489" name="test_utah_jazz_roster_sorted_height_column" time="0.440"></testcase><testcase classname="test_Utah_Jazz_Page.TestUtahJazzPage" file="test_Utah_Jazz_Page.py" line="496" name="test_utah_jazz_roster_sorted_height_reverse_column" time="0.376"></testcase><testcase classname="test_Utah_Jazz_Page.TestUtahJazzPage" file="test_Utah_Jazz_Page.py" line="504" name="test_utah_jazz_roster_sorted_weight_column" time="0.313"></testcase><testcase classname="test_Utah_Jazz_Page.TestUtahJazzPage" file="test_Utah_Jazz_Page.py" line="512" name="test_utah_jazz_roster_sorted_weight_reverse_column" time="0.205"></testcase><testcase classname="test_Utah_Jazz_Page.TestUtahJazzPage" file="test_Utah_Jazz_Page.py" line="520" name="test_utah_jazz_roster_sorted_dob_column" time="0.630"></testcase><testcase classname="test_Utah_Jazz_Page.TestUtahJazzPage" file="test_Utah_Jazz_Page.py" line="528" name="test_utah_jazz_roster_sorted_dob_reverse_column" time="0.510"></testcase><testcase classname="test_Utah_Jazz_Page.TestUtahJazzPage" file="test_Utah_Jazz_Page.py" line="537" name="test_utah_jazz_roster_sorted_experience_column" time="0.342"></testcase><testcase classname="test_Utah_Jazz_Page.TestUtahJazzPage" file="test_Utah_Jazz_Page.py" line="545" name="test_utah_jazz_roster_sorted_experience_reverse_column" time="0.212"></testcase><testcase classname="test_Utah_Jazz_Page.TestUtahJazzPage" file="test_Utah_Jazz_Page.py" line="553" name="test_utah_jazz_roster_sorted_college_column" time="0.440"></testcase><testcase classname="test_Utah_Jazz_Page.TestUtahJazzPage" file="test_Utah_Jazz_Page.py" line="560" name="test_utah_jazz_roster_sorted_college_reverse_column" time="4.766"></testcase><testcase classname="test_Washington_Wizards_Page.TestWashingtonWizardsPage" file="test_Washington_Wizards_Page.py" line="18" name="test_washington_wizards_franchise_verifiy_team" time="8.005"></testcase><testcase classname="test_Washington_Wizards_Page.TestWashingtonWizardsPage" file="test_Washington_Wizards_Page.py" line="28" name="test_washington_wizards_roster_players_stats" time="88.450"></testcase><testcase classname="test_Washington_Wizards_Page.TestWashingtonWizardsPage" file="test_Washington_Wizards_Page.py" line="317" name="test_washington_wizards_salaries_sorted_players_column" time="1.504"></testcase><testcase classname="test_Washington_Wizards_Page.TestWashingtonWizardsPage" file="test_Washington_Wizards_Page.py" line="327" name="test_washington_wizards_salaries_sorted_players_reverse_column" time="0.548"></testcase><testcase classname="test_Washington_Wizards_Page.TestWashingtonWizardsPage" file="test_Washington_Wizards_Page.py" line="335" name="test_washington_wizards_salaries_sorted_age_column" time="0.398"></testcase><testcase classname="test_Washington_Wizards_Page.TestWashingtonWizardsPage" file="test_Washington_Wizards_Page.py" line="343" name="test_washington_wizards_salaries_sorted_age_reverse_column" time="0.326"></testcase><testcase classname="test_Washington_Wizards_Page.TestWashingtonWizardsPage" file="test_Washington_Wizards_Page.py" line="351" name="test_washington_wizards_salaries_sorted_eight_teen_nine_teen_column" time="0.415"></testcase><testcase classname="test_Washington_Wizards_Page.TestWashingtonWizardsPage" file="test_Washington_Wizards_Page.py" line="359" name="test_washington_wizards_salaries_sorted_eight_teen_nine_teen_reverse_column" time="0.336"></testcase><testcase classname="test_Washington_Wizards_Page.TestWashingtonWizardsPage" file="test_Washington_Wizards_Page.py" line="367" name="test_washington_wizards_salaries_sorted_nine_teen_twenty_column" time="0.430"></testcase><testcase classname="test_Washington_Wizards_Page.TestWashingtonWizardsPage" file="test_Washington_Wizards_Page.py" line="375" name="test_washington_wizards_salaries_sorted_nine_teen_twenty_reverse_column" time="0.347"></testcase><testcase classname="test_Washington_Wizards_Page.TestWashingtonWizardsPage" file="test_Washington_Wizards_Page.py" line="383" name="test_washington_wizards_salaries_sorted_twenty_twenty_one_column" time="0.433"></testcase><testcase classname="test_Washington_Wizards_Page.TestWashingtonWizardsPage" file="test_Washington_Wizards_Page.py" line="391" name="test_washington_wizards_salaries_sorted_twenty_twenty_one_reverse_column" time="0.342"></testcase><testcase classname="test_Washington_Wizards_Page.TestWashingtonWizardsPage" file="test_Washington_Wizards_Page.py" line="399" name="test_washington_wizards_salaries_sorted_twenty_one_twenty_two_column" time="0.430"></testcase><testcase classname="test_Washington_Wizards_Page.TestWashingtonWizardsPage" file="test_Washington_Wizards_Page.py" line="409" name="test_washington_wizards_salaries_sorted_twenty_one_twenty_two_reverse_column" time="0.346"></testcase><testcase classname="test_Washington_Wizards_Page.TestWashingtonWizardsPage" file="test_Washington_Wizards_Page.py" line="418" name="test_washington_wizards_salaries_sorted_twenty_two_twenty_three_column" time="0.429"></testcase><testcase classname="test_Washington_Wizards_Page.TestWashingtonWizardsPage" file="test_Washington_Wizards_Page.py" line="428" name="test_washington_wizards_salaries_sorted_twenty_two_twenty_threereverse_column" time="0.355"></testcase><testcase classname="test_Washington_Wizards_Page.TestWashingtonWizardsPage" file="test_Washington_Wizards_Page.py" line="439" name="test_washington_wizards_salaries_sorted_guranteed_column" time="0.430"></testcase><testcase classname="test_Washington_Wizards_Page.TestWashingtonWizardsPage" file="test_Washington_Wizards_Page.py" line="447" name="test_washington_wizards_salaries_sorted_guranteed_reverse_column" time="0.333"></testcase><testcase classname="test_Washington_Wizards_Page.TestWashingtonWizardsPage" file="test_Washington_Wizards_Page.py" line="454" name="test_washington_wizards_roster_sorted_players_column" time="7.879"></testcase><testcase classname="test_Washington_Wizards_Page.TestWashingtonWizardsPage" file="test_Washington_Wizards_Page.py" line="467" name="test_washington_wizards_roster_sorted_players_reverse_column" time="0.563"></testcase><testcase classname="test_Washington_Wizards_Page.TestWashingtonWizardsPage" file="test_Washington_Wizards_Page.py" line="474" name="test_washington_wizards_roster_sorted_position_column" time="0.484"></testcase><testcase classname="test_Washington_Wizards_Page.TestWashingtonWizardsPage" file="test_Washington_Wizards_Page.py" line="483" name="test_washington_wizards_roster_sorted_position_reverse_column" time="0.255"></testcase><testcase classname="test_Washington_Wizards_Page.TestWashingtonWizardsPage" file="test_Washington_Wizards_Page.py" line="489" name="test_washington_wizards_roster_sorted_height_column" time="0.396"></testcase><testcase classname="test_Washington_Wizards_Page.TestWashingtonWizardsPage" file="test_Washington_Wizards_Page.py" line="496" name="test_washington_wizards_roster_sorted_height_reverse_column" time="0.308"></testcase><testcase classname="test_Washington_Wizards_Page.TestWashingtonWizardsPage" file="test_Washington_Wizards_Page.py" line="504" name="test_washington_wizards_roster_sorted_weight_column" time="0.290"></testcase><testcase classname="test_Washington_Wizards_Page.TestWashingtonWizardsPage" file="test_Washington_Wizards_Page.py" line="512" name="test_washington_wizards_roster_sorted_weight_reverse_column" time="0.182"></testcase><testcase classname="test_Washington_Wizards_Page.TestWashingtonWizardsPage" file="test_Washington_Wizards_Page.py" line="520" name="test_washington_wizards_roster_sorted_dob_column" time="0.534"></testcase><testcase classname="test_Washington_Wizards_Page.TestWashingtonWizardsPage" file="test_Washington_Wizards_Page.py" line="528" name="test_washington_wizards_roster_sorted_dob_reverse_column" time="0.464"></testcase><testcase classname="test_Washington_Wizards_Page.TestWashingtonWizardsPage" file="test_Washington_Wizards_Page.py" line="537" name="test_washington_wizards_roster_sorted_experience_column" time="0.303"></testcase><testcase classname="test_Washington_Wizards_Page.TestWashingtonWizardsPage" file="test_Washington_Wizards_Page.py" line="545" name="test_washington_wizards_roster_sorted_experience_reverse_column" time="0.182"></testcase><testcase classname="test_Washington_Wizards_Page.TestWashingtonWizardsPage" file="test_Washington_Wizards_Page.py" line="553" name="test_washington_wizards_roster_sorted_college_column" time="0.392"></testcase><testcase classname="test_Washington_Wizards_Page.TestWashingtonWizardsPage" file="test_Washington_Wizards_Page.py" line="560" name="test_washington_wizards_roster_sorted_college_reverse_column" time="4.657"></testcase></testsuite></testsuites>